#
# A fatal error has been detected by the Java Runtime Environment:
#
#  SIGSEGV (0xb) at pc=0x00007fecb05d9265, pid=23243, tid=140654347028224
#
# JRE version: OpenJDK Runtime Environment (7.0_79-b14) (build 1.7.0_79-b14)
# Java VM: OpenJDK 64-Bit Server VM (24.79-b02 mixed mode linux-amd64 compressed oops)
# Derivative: IcedTea 2.5.5
# Distribution: Ubuntu 14.04 LTS, package 7u79-2.5.5-0ubuntu0.14.04.2
# Problematic frame:
# j  org.codehaus.groovy.ast.expr.MethodCallExpression.visit(Lorg/codehaus/groovy/ast/GroovyCodeVisitor;)V+2
#
# Failed to write core dump. Core dumps have been disabled. To enable core dumping, try "ulimit -c unlimited" before starting Java again
#
# If you would like to submit a bug report, please include
# instructions on how to reproduce the bug and visit:
#   http://icedtea.classpath.org/bugzilla
#

---------------  T H R E A D  ---------------

Current thread (0x00007fec68005000):  JavaThread "Daemon worker" [_thread_in_Java, id=23262, stack(0x00007feca4540000,0x00007feca4641000)]

siginfo:si_signo=SIGSEGV: si_errno=0, si_code=1 (SEGV_MAPERR), si_addr=0x00000000a15e6f38

Registers:
RAX=0x00000000b12517d0, RBX=0x00000000a15e6ec0, RCX=0x00000000f03403b0, RDX=0x00000000b15ed990
RSP=0x00007feca463d390, RBP=0x00007feca463d3e8, RSI=0x00007feca463d3a8, RDI=0x00007fec68005000
R8 =0x000000000000000a, R9 =0x000000000000004b, R10=0x00007fecb9f2eda0, R11=0x00007fecb063a1d0
R12=0x0000000000000000, R13=0x00007feca463d398, R14=0x00007feca463d400, R15=0x00007fec68005000
RIP=0x00007fecb05d9265, EFLAGS=0x0000000000010206, CSGSFS=0x0000000000000033, ERR=0x0000000000000004
  TRAPNO=0x000000000000000e

Top of Stack: (sp=0x00007feca463d390)
0x00007feca463d390:   00007fecb05c1706 00000000f01c55f0
0x00007feca463d3a0:   00000000f03403b0 00007feca463d3a8
0x00007feca463d3b0:   00000000b128867a 00007feca463d400
0x00007feca463d3c0:   00000000b1523798 0000000000000000
0x00007feca463d3d0:   00000000b12886a0 00007feca463d398
0x00007feca463d3e0:   00007feca463d3f8 00007feca463d448
0x00007feca463d3f0:   00007fecb05c1058 00000000f03403b0
0x00007feca463d400:   00000000f01c55f0 00007feca463d408
0x00007feca463d410:   00000000b16360dd 00007feca463d470
0x00007feca463d420:   00000000b1677478 0000000000000000
0x00007feca463d430:   00000000b1636130 00007feca463d3f8
0x00007feca463d440:   00007feca463d468 00007feca463d4b8
0x00007feca463d450:   00007fecb05c1058 0000000000000000
0x00007feca463d460:   00000000f01c55f0 00000000c05ca2e8
0x00007feca463d470:   00000000f054caa0 00007feca463d478
0x00007feca463d480:   00000000b1638b7a 00007feca463d4e8
0x00007feca463d490:   00000000b16785d8 0000000000000000
0x00007feca463d4a0:   00000000b1638bd8 00007feca463d468
0x00007feca463d4b0:   00007feca463d4e0 00007feca463d530
0x00007feca463d4c0:   00007fecb05c1058 0000000000000000
0x00007feca463d4d0:   0000000000000000 0000000000000000
0x00007feca463d4e0:   00000000c05ca2e8 00000000f054caa0
0x00007feca463d4f0:   00007feca463d4f0 00000000b15e5a38
0x00007feca463d500:   00007feca463d548 00000000b161e470
0x00007feca463d510:   0000000000000000 00000000b15e5a60
0x00007feca463d520:   00007feca463d4e0 00007feca463d540
0x00007feca463d530:   00007feca463d590 00007fecb05c1706
0x00007feca463d540:   00000000c05ca2e8 00000000f03403b0
0x00007feca463d550:   00007feca463d550 00000000b125ea7a
0x00007feca463d560:   00007feca463d5a8 00000000b15170c8
0x00007feca463d570:   0000000000000000 00000000b125eaa0
0x00007feca463d580:   00007feca463d540 00007feca463d5a0 

Instructions: (pc=0x00007fecb05d9265)
0x00007fecb05d9245:   00 48 3b c3 75 ea 45 8b 6d 08 4a 8b 1c 2a 48 85
0x00007fecb05d9255:   db 0f 84 83 00 00 00 4c 8d 6c 24 08 4c 89 6d f0
0x00007fecb05d9265:   ff 63 78 48 89 64 24 d8 48 81 ec 80 00 00 00 48
0x00007fecb05d9275:   89 44 24 78 48 89 4c 24 70 48 89 54 24 68 48 89 

Register to memory mapping:

RAX=0x00000000b12517d0 is an oop
{instance class} 
 - klass: {other class}
RBX=0x00000000a15e6ec0 is an unknown value
RCX=0x00000000f03403b0 is an oop
org.codehaus.groovy.classgen.AsmClassGenerator 
 - klass: 'org/codehaus/groovy/classgen/AsmClassGenerator'
RDX=0x00000000b15ed990 is pointing into object: 0x00000000b15ed8a0
{instance class} 
 - klass: {other class}
RSP=0x00007feca463d390 is pointing into the stack for thread: 0x00007fec68005000
RBP=0x00007feca463d3e8 is pointing into the stack for thread: 0x00007fec68005000
RSI=0x00007feca463d3a8 is pointing into the stack for thread: 0x00007fec68005000
RDI=0x00007fec68005000 is a thread
R8 =0x000000000000000a is an unknown value
R9 =0x000000000000004b is an unknown value
R10=0x00007fecb9f2eda0: <offset 0xdf7da0> in /usr/lib/jvm/java-7-openjdk-amd64/jre/lib/amd64/server/libjvm.so at 0x00007fecb9137000
R11=0x00007fecb063a1d0 is at entry_point+16 in (nmethod*)0x00007fecb063a090
R12=0x0000000000000000 is an unknown value
R13=0x00007feca463d398 is pointing into the stack for thread: 0x00007fec68005000
R14=0x00007feca463d400 is pointing into the stack for thread: 0x00007fec68005000
R15=0x00007fec68005000 is a thread


Stack: [0x00007feca4540000,0x00007feca4641000],  sp=0x00007feca463d390,  free space=1012k
Native frames: (J=compiled Java code, j=interpreted, Vv=VM code, C=native code)
j  org.codehaus.groovy.ast.expr.MethodCallExpression.visit(Lorg/codehaus/groovy/ast/GroovyCodeVisitor;)V+2
j  org.codehaus.groovy.classgen.asm.StatementWriter.writeExpressionStatement(Lorg/codehaus/groovy/ast/stmt/ExpressionStatement;)V+69
j  org.codehaus.groovy.classgen.asm.OptimizingStatementWriter.writeExpressionStatement(Lorg/codehaus/groovy/ast/stmt/ExpressionStatement;)V+98
j  org.codehaus.groovy.classgen.AsmClassGenerator.visitExpressionStatement(Lorg/codehaus/groovy/ast/stmt/ExpressionStatement;)V+8
j  org.codehaus.groovy.ast.stmt.ExpressionStatement.visit(Lorg/codehaus/groovy/ast/GroovyCodeVisitor;)V+2
j  org.codehaus.groovy.classgen.asm.StatementWriter.writeBlockStatement(Lorg/codehaus/groovy/ast/stmt/BlockStatement;)V+74
j  org.codehaus.groovy.classgen.asm.OptimizingStatementWriter.writeBlockStatement(Lorg/codehaus/groovy/ast/stmt/BlockStatement;)V+23
j  org.codehaus.groovy.classgen.AsmClassGenerator.visitBlockStatement(Lorg/codehaus/groovy/ast/stmt/BlockStatement;)V+8
j  org.codehaus.groovy.ast.stmt.BlockStatement.visit(Lorg/codehaus/groovy/ast/GroovyCodeVisitor;)V+2
j  org.codehaus.groovy.ast.ClassCodeVisitorSupport.visitClassCodeContainer(Lorg/codehaus/groovy/ast/stmt/Statement;)V+6
j  org.codehaus.groovy.ast.ClassCodeVisitorSupport.visitConstructorOrMethod(Lorg/codehaus/groovy/ast/MethodNode;Z)V+10
j  org.codehaus.groovy.classgen.AsmClassGenerator.visitStdMethod(Lorg/codehaus/groovy/ast/MethodNode;Z[Lorg/codehaus/groovy/ast/Parameter;Lorg/codehaus/groovy/ast/stmt/Statement;)V+217
j  org.codehaus.groovy.classgen.AsmClassGenerator.visitConstructorOrMethod(Lorg/codehaus/groovy/ast/MethodNode;Z)V+247
j  org.codehaus.groovy.ast.ClassCodeVisitorSupport.visitMethod(Lorg/codehaus/groovy/ast/MethodNode;)V+3
j  org.codehaus.groovy.classgen.AsmClassGenerator.visitMethod(Lorg/codehaus/groovy/ast/MethodNode;)V+10
j  org.codehaus.groovy.ast.ClassNode.visitContents(Lorg/codehaus/groovy/ast/GroovyClassVisitor;)V+148
j  org.codehaus.groovy.ast.ClassCodeVisitorSupport.visitClass(Lorg/codehaus/groovy/ast/ClassNode;)V+23
j  org.codehaus.groovy.classgen.AsmClassGenerator.visitClass(Lorg/codehaus/groovy/ast/ClassNode;)V+441
j  org.codehaus.groovy.control.CompilationUnit$16.call(Lorg/codehaus/groovy/control/SourceUnit;Lorg/codehaus/groovy/classgen/GeneratorContext;Lorg/codehaus/groovy/ast/ClassNode;)V+237
j  org.codehaus.groovy.control.CompilationUnit.applyToPrimaryClassNodes(Lorg/codehaus/groovy/control/CompilationUnit$PrimaryClassNodeOperation;)V+129
j  org.codehaus.groovy.control.CompilationUnit.doPhaseOperation(Ljava/lang/Object;)V+12
j  org.codehaus.groovy.control.CompilationUnit.processPhaseOperations(I)V+32
j  org.codehaus.groovy.control.CompilationUnit.compile(I)V+60
j  groovy.lang.GroovyClassLoader.doParseClass(Lgroovy/lang/GroovyCodeSource;)Ljava/lang/Class;+117
j  groovy.lang.GroovyClassLoader.parseClass(Lgroovy/lang/GroovyCodeSource;Z)Ljava/lang/Class;+37
j  org.gradle.groovy.scripts.internal.DefaultScriptCompilationHandler.compileScript(Lorg/gradle/groovy/scripts/ScriptSource;Ljava/lang/ClassLoader;Lorg/codehaus/groovy/control/CompilerConfiguration;Ljava/io/File;Lorg/gradle/groovy/scripts/Transformer;Lorg/codehaus/groovy/classgen/Verifier;)V+128
j  org.gradle.groovy.scripts.internal.DefaultScriptCompilationHandler.compileToDir(Lorg/gradle/groovy/scripts/ScriptSource;Ljava/lang/ClassLoader;Ljava/io/File;Lorg/gradle/groovy/scripts/Transformer;Ljava/lang/Class;Lorg/codehaus/groovy/classgen/Verifier;)V+41
j  org.gradle.groovy.scripts.internal.FileCacheBackedScriptClassCompiler$CacheInitializer.execute(Lorg/gradle/cache/PersistentCache;)V+37
j  org.gradle.groovy.scripts.internal.FileCacheBackedScriptClassCompiler$CacheInitializer.execute(Ljava/lang/Object;)V+5
j  org.gradle.groovy.scripts.internal.FileCacheBackedScriptClassCompiler$ProgressReportingInitializer.execute(Lorg/gradle/cache/PersistentCache;)V+27
j  org.gradle.groovy.scripts.internal.FileCacheBackedScriptClassCompiler$ProgressReportingInitializer.execute(Ljava/lang/Object;)V+5
j  org.gradle.cache.internal.DefaultPersistentDirectoryCache$Initializer.initialize(Lorg/gradle/cache/internal/FileLock;)V+90
j  org.gradle.cache.internal.DefaultCacheAccess$2.run()V+14
j  org.gradle.cache.internal.DefaultFileLockManager$DefaultFileLock.doWriteAction(Ljava/lang/Runnable;)V+36
j  org.gradle.cache.internal.DefaultFileLockManager$DefaultFileLock.writeFile(Ljava/lang/Runnable;)V+6
j  org.gradle.cache.internal.DefaultCacheAccess.open(Lorg/gradle/cache/internal/filelock/LockOptions;)V+263
j  org.gradle.cache.internal.DefaultPersistentDirectoryStore.open()Lorg/gradle/cache/internal/DefaultPersistentDirectoryStore;+23
j  org.gradle.cache.internal.DefaultPersistentDirectoryStore.open()Lorg/gradle/cache/internal/ReferencablePersistentCache;+1
j  org.gradle.cache.internal.DefaultCacheFactory.doOpen(Ljava/io/File;Ljava/lang/String;Lorg/gradle/cache/CacheValidator;Ljava/util/Map;Lorg/gradle/cache/internal/filelock/LockOptions;Lorg/gradle/api/Action;)Lorg/gradle/cache/PersistentCache;+52
j  org.gradle.cache.internal.DefaultCacheFactory.open(Ljava/io/File;Ljava/lang/String;Lorg/gradle/cache/CacheValidator;Ljava/util/Map;Lorg/gradle/cache/internal/filelock/LockOptions;Lorg/gradle/api/Action;)Lorg/gradle/cache/PersistentCache;+19
j  org.gradle.cache.internal.DefaultCacheRepository$PersistentCacheBuilder.doOpen(Ljava/io/File;Ljava/util/Map;Lorg/gradle/cache/CacheValidator;)Lorg/gradle/cache/PersistentCache;+22
j  org.gradle.cache.internal.DefaultCacheRepository$AbstractCacheBuilder.open()Lorg/gradle/cache/PersistentCache;+50
j  org.gradle.groovy.scripts.internal.FileCacheBackedScriptClassCompiler.compile(Lorg/gradle/groovy/scripts/ScriptSource;Ljava/lang/ClassLoader;Lorg/gradle/groovy/scripts/Transformer;Ljava/lang/Class;Lorg/codehaus/groovy/classgen/Verifier;)Ljava/lang/Class;+177
j  org.gradle.groovy.scripts.internal.ShortCircuitEmptyScriptCompiler.compile(Lorg/gradle/groovy/scripts/ScriptSource;Ljava/lang/ClassLoader;Lorg/gradle/groovy/scripts/Transformer;Ljava/lang/Class;Lorg/codehaus/groovy/classgen/Verifier;)Ljava/lang/Class;+42
j  org.gradle.groovy.scripts.internal.CachingScriptClassCompiler.compile(Lorg/gradle/groovy/scripts/ScriptSource;Ljava/lang/ClassLoader;Lorg/gradle/groovy/scripts/Transformer;Ljava/lang/Class;Lorg/codehaus/groovy/classgen/Verifier;)Ljava/lang/Class;+71
j  org.gradle.groovy.scripts.DefaultScriptCompilerFactory$ScriptCompilerImpl.compile(Ljava/lang/Class;)Lorg/gradle/groovy/scripts/ScriptRunner;+24
j  org.gradle.configuration.DefaultScriptPluginFactory$ScriptPluginImpl.apply(Ljava/lang/Object;)V+423
j  org.gradle.configuration.DefaultInitScriptProcessor.process(Lorg/gradle/groovy/scripts/ScriptSource;Lorg/gradle/api/internal/GradleInternal;)V+55
j  org.gradle.initialization.InitScriptHandler.executeScripts(Lorg/gradle/api/internal/GradleInternal;)V+49
j  org.gradle.initialization.DefaultGradleLauncher.doBuildStages(Lorg/gradle/initialization/DefaultGradleLauncher$Stage;)V+8
j  org.gradle.initialization.DefaultGradleLauncher.doBuild(Lorg/gradle/initialization/DefaultGradleLauncher$Stage;)Lorg/gradle/BuildResult;+27
j  org.gradle.initialization.DefaultGradleLauncher.getBuildAnalysis()Lorg/gradle/BuildResult;+4
j  org.gradle.launcher.exec.InProcessBuildActionExecuter$DefaultBuildController.configure()Lorg/gradle/api/internal/GradleInternal;+5
j  org.gradle.tooling.internal.provider.ClientProvidedBuildAction.run(Lorg/gradle/initialization/BuildController;)Lorg/gradle/tooling/internal/provider/BuildActionResult;+39
j  org.gradle.tooling.internal.provider.ClientProvidedBuildAction.run(Lorg/gradle/initialization/BuildController;)Ljava/lang/Object;+2
j  org.gradle.tooling.internal.provider.ConfiguringBuildAction.run(Lorg/gradle/initialization/BuildController;)Ljava/lang/Object;+15
j  org.gradle.launcher.exec.InProcessBuildActionExecuter.execute(Lorg/gradle/initialization/BuildAction;Lorg/gradle/initialization/BuildCancellationToken;Lorg/gradle/launcher/exec/BuildActionParameters;)Ljava/lang/Object;+19
j  org.gradle.launcher.exec.InProcessBuildActionExecuter.execute(Lorg/gradle/initialization/BuildAction;Lorg/gradle/initialization/BuildCancellationToken;Ljava/lang/Object;)Ljava/lang/Object;+7
j  org.gradle.launcher.daemon.server.exec.ExecuteBuild.doBuild(Lorg/gradle/launcher/daemon/server/exec/DaemonCommandExecution;Lorg/gradle/launcher/daemon/protocol/Build;)V+47
j  org.gradle.launcher.daemon.server.exec.BuildCommandOnly.execute(Lorg/gradle/launcher/daemon/server/exec/DaemonCommandExecution;)V+49
j  org.gradle.launcher.daemon.server.exec.DaemonCommandExecution.proceed()Z+28
j  org.gradle.launcher.daemon.server.exec.WatchForDisconnection.execute(Lorg/gradle/launcher/daemon/server/exec/DaemonCommandExecution;)V+19
j  org.gradle.launcher.daemon.server.exec.DaemonCommandExecution.proceed()Z+28
j  org.gradle.launcher.daemon.server.exec.ResetDeprecationLogger.execute(Lorg/gradle/launcher/daemon/server/exec/DaemonCommandExecution;)V+4
j  org.gradle.launcher.daemon.server.exec.DaemonCommandExecution.proceed()Z+28
j  org.gradle.launcher.daemon.server.exec.StartStopIfBuildAndStop.execute(Lorg/gradle/launcher/daemon/server/exec/DaemonCommandExecution;)V+34
j  org.gradle.launcher.daemon.server.exec.DaemonCommandExecution.proceed()Z+28
j  org.gradle.launcher.daemon.server.exec.ForwardClientInput$2.call()Ljava/lang/Void;+4
j  org.gradle.launcher.daemon.server.exec.ForwardClientInput$2.call()Ljava/lang/Object;+1
j  org.gradle.util.Swapper.swap(Ljava/lang/Object;Ljava/util/concurrent/Callable;)Ljava/lang/Object;+21
j  org.gradle.launcher.daemon.server.exec.ForwardClientInput.execute(Lorg/gradle/launcher/daemon/server/exec/DaemonCommandExecution;)V+63
j  org.gradle.launcher.daemon.server.exec.DaemonCommandExecution.proceed()Z+28
j  org.gradle.launcher.daemon.server.exec.LogToClient.doBuild(Lorg/gradle/launcher/daemon/server/exec/DaemonCommandExecution;Lorg/gradle/launcher/daemon/protocol/Build;)V+92
j  org.gradle.launcher.daemon.server.exec.BuildCommandOnly.execute(Lorg/gradle/launcher/daemon/server/exec/DaemonCommandExecution;)V+49
j  org.gradle.launcher.daemon.server.exec.DaemonCommandExecution.proceed()Z+28
j  org.gradle.launcher.daemon.server.exec.EstablishBuildEnvironment.doBuild(Lorg/gradle/launcher/daemon/server/exec/DaemonCommandExecution;Lorg/gradle/launcher/daemon/protocol/Build;)V+237
j  org.gradle.launcher.daemon.server.exec.BuildCommandOnly.execute(Lorg/gradle/launcher/daemon/server/exec/DaemonCommandExecution;)V+49
j  org.gradle.launcher.daemon.server.exec.DaemonCommandExecution.proceed()Z+28
j  org.gradle.launcher.daemon.server.exec.DaemonHygieneAction.execute(Lorg/gradle/launcher/daemon/server/exec/DaemonCommandExecution;)V+1
j  org.gradle.launcher.daemon.server.exec.DaemonCommandExecution.proceed()Z+28
j  org.gradle.launcher.daemon.server.exec.StartBuildOrRespondWithBusy$1.run()V+44
j  org.gradle.launcher.daemon.server.DaemonStateCoordinator$1.run()V+4
j  org.gradle.internal.concurrent.DefaultExecutorFactory$StoppableExecutorImpl$1.run()V+18
j  java.util.concurrent.ThreadPoolExecutor.runWorker(Ljava/util/concurrent/ThreadPoolExecutor$Worker;)V+95
j  java.util.concurrent.ThreadPoolExecutor$Worker.run()V+5
j  java.lang.Thread.run()V+11
v  ~StubRoutines::call_stub
V  [libjvm.so+0x5e8099]  JavaCalls::call_helper(JavaValue*, methodHandle*, JavaCallArguments*, Thread*)+0x339
V  [libjvm.so+0x5e6eee]  JavaCalls::call_virtual(JavaValue*, Handle, KlassHandle, Symbol*, Symbol*, Thread*)+0x20e
V  [libjvm.so+0x623361]  thread_entry(JavaThread*, Thread*)+0xd1
V  [libjvm.so+0x900e30]  JavaThread::thread_main_inner()+0xf0
V  [libjvm.so+0x9010a1]  JavaThread::run()+0x221
V  [libjvm.so+0x7c4f32]  java_start(Thread*)+0xf2


---------------  P R O C E S S  ---------------

Java Threads: ( => current thread )
  0x00007fec642e8000 JavaThread "process reaper" daemon [_thread_blocked, id=23268, stack(0x00007feca4190000,0x00007feca41c9000)]
  0x00007fec64236000 JavaThread "File lock request listener" [_thread_in_native, id=23266, stack(0x00007feca42cc000,0x00007feca43cd000)]
  0x00007fec64005000 JavaThread "Stdin handler" [_thread_blocked, id=23265, stack(0x00007feca4438000,0x00007feca4539000)]
=>0x00007fec68005000 JavaThread "Daemon worker" [_thread_in_Java, id=23262, stack(0x00007feca4540000,0x00007feca4641000)]
  0x00007fec6800b000 JavaThread "Cancel handler" [_thread_blocked, id=23261, stack(0x00007feca4641000,0x00007feca4742000)]
  0x00007fec68003800 JavaThread "Handler for socket connection from /127.0.0.1:37893 to /127.0.0.1:41067" [_thread_in_native, id=23260, stack(0x00007feca4742000,0x00007feca4843000)]
  0x00007fec7400a800 JavaThread "Daemon" [_thread_blocked, id=23259, stack(0x00007feca4843000,0x00007feca4944000)]
  0x00007fecb4b20000 JavaThread "Incoming local TCP Connector on port 37893" [_thread_in_native, id=23258, stack(0x00007feca4944000,0x00007feca4a45000)]
  0x00007fecb41ed800 JavaThread "Service Thread" daemon [_thread_blocked, id=23256, stack(0x00007feca67b7000,0x00007feca68b8000)]
  0x00007fecb41e4800 JavaThread "C2 CompilerThread1" daemon [_thread_blocked, id=23255, stack(0x00007feca68b8000,0x00007feca69b9000)]
  0x00007fecb41e2800 JavaThread "C2 CompilerThread0" daemon [_thread_blocked, id=23254, stack(0x00007feca69b9000,0x00007feca6aba000)]
  0x00007fecb416f800 JavaThread "Signal Dispatcher" daemon [_thread_blocked, id=23253, stack(0x00007feca761b000,0x00007feca771c000)]
  0x00007fecb4144000 JavaThread "Finalizer" daemon [_thread_blocked, id=23252, stack(0x00007feca7dfe000,0x00007feca7eff000)]
  0x00007fecb4142000 JavaThread "Reference Handler" daemon [_thread_blocked, id=23251, stack(0x00007feca7eff000,0x00007feca8000000)]
  0x00007fecb400b800 JavaThread "main" [_thread_blocked, id=23245, stack(0x00007fecbac48000,0x00007fecbad49000)]

Other Threads:
  0x00007fecb413d800 VMThread [stack: 0x00007fecac085000,0x00007fecac186000] [id=23250]
  0x00007fecb4200000 WatcherThread [stack: 0x00007feca66b6000,0x00007feca67b7000] [id=23257]

VM state:not at safepoint (normal execution)

VM Mutex/Monitor currently owned by a thread: None

Heap
 PSYoungGen      total 138240K, used 98332K [0x00000000eaa80000, 0x00000000fb880000, 0x0000000100000000)
  eden space 129024K, 72% used [0x00000000eaa80000,0x00000000f066d058,0x00000000f2880000)
  from space 9216K, 45% used [0x00000000f2880000,0x00000000f2c9a0e0,0x00000000f3180000)
  to   space 9216K, 0% used [0x00000000faf80000,0x00000000faf80000,0x00000000fb880000)
 ParOldGen       total 83968K, used 8680K [0x00000000c0000000, 0x00000000c5200000, 0x00000000eaa80000)
  object space 83968K, 10% used [0x00000000c0000000,0x00000000c087a370,0x00000000c5200000)
 PSPermGen       total 23552K, used 23092K [0x00000000b0000000, 0x00000000b1700000, 0x00000000c0000000)
  object space 23552K, 98% used [0x00000000b0000000,0x00000000b168d270,0x00000000b1700000)

Card table byte_map: [0x00007fecb033a000,0x00007fecb05bb000] byte_map_base: 0x00007fecafdba000

Polling page: 0x00007fecbad67000

Code Cache  [0x00007fecb05bb000, 0x00007fecb082b000, 0x00007fecb35bb000)
 total_blobs=874 nmethods=318 adapters=509 free_code_cache=47087Kb largest_free_block=48158976

Compilation events (10 events):
Event: 4.616 Thread 0x00007fecb41e2800 nmethod 333 0x00007fecb066e210 code [0x00007fecb066e340, 0x00007fecb066e3b8]
Event: 4.616 Thread 0x00007fecb41e2800  334             java.util.Formatter$FormatSpecifier::checkBadFlags (39 bytes)
Event: 4.617 Thread 0x00007fecb41e4800 nmethod 332 0x00007fecb066dd10 code [0x00007fecb066de80, 0x00007fecb066e018]
Event: 4.619 Thread 0x00007fecb41e2800 nmethod 334 0x00007fecb0638710 code [0x00007fecb0638860, 0x00007fecb0638988]
Event: 4.630 Thread 0x00007fecb41e4800  335             org.codehaus.groovy.ast.ClassHelper::make (58 bytes)
Event: 4.635 Thread 0x00007fecb41e4800 nmethod 335 0x00007fecb06381d0 code [0x00007fecb0638340, 0x00007fecb0638508]
Event: 4.706 Thread 0x00007fecb41e2800  337             java.util.ArrayList::<init> (12 bytes)
Event: 4.706 Thread 0x00007fecb41e2800 nmethod 337 0x00007fecb07b0c90 code [0x00007fecb07b0dc0, 0x00007fecb07b0e38]
Event: 4.725 Thread 0x00007fecb41e4800  338             java.util.HashMap$HashIterator::<init> (63 bytes)
Event: 4.728 Thread 0x00007fecb41e4800 nmethod 338 0x00007fecb07b6010 code [0x00007fecb07b6160, 0x00007fecb07b6258]

GC Heap History (10 events):
Event: 2.083 GC heap before
{Heap before GC invocations=3 (full 0):
 PSYoungGen      total 37376K, used 37354K [0x00000000eaa80000, 0x00000000ef380000, 0x0000000100000000)
  eden space 32256K, 100% used [0x00000000eaa80000,0x00000000eca00000,0x00000000eca00000)
  from space 5120K, 99% used [0x00000000ecf00000,0x00000000ed3fa828,0x00000000ed400000)
  to   space 5120K, 0% used [0x00000000eca00000,0x00000000eca00000,0x00000000ecf00000)
 ParOldGen       total 83968K, used 496K [0x00000000c0000000, 0x00000000c5200000, 0x00000000eaa80000)
  object space 83968K, 0% used [0x00000000c0000000,0x00000000c007c2d0,0x00000000c5200000)
 PSPermGen       total 21504K, used 17301K [0x00000000b0000000, 0x00000000b1500000, 0x00000000c0000000)
  object space 21504K, 80% used [0x00000000b0000000,0x00000000b10e54d0,0x00000000b1500000)
Event: 2.093 GC heap after
Heap after GC invocations=3 (full 0):
 PSYoungGen      total 37376K, used 5119K [0x00000000eaa80000, 0x00000000ef380000, 0x0000000100000000)
  eden space 32256K, 0% used [0x00000000eaa80000,0x00000000eaa80000,0x00000000eca00000)
  from space 5120K, 99% used [0x00000000eca00000,0x00000000ecefff58,0x00000000ecf00000)
  to   space 5120K, 0% used [0x00000000eee80000,0x00000000eee80000,0x00000000ef380000)
 ParOldGen       total 83968K, used 2644K [0x00000000c0000000, 0x00000000c5200000, 0x00000000eaa80000)
  object space 83968K, 3% used [0x00000000c0000000,0x00000000c02953a8,0x00000000c5200000)
 PSPermGen       total 21504K, used 17301K [0x00000000b0000000, 0x00000000b1500000, 0x00000000c0000000)
  object space 21504K, 80% used [0x00000000b0000000,0x00000000b10e54d0,0x00000000b1500000)
}
Event: 2.643 GC heap before
{Heap before GC invocations=4 (full 0):
 PSYoungGen      total 37376K, used 37375K [0x00000000eaa80000, 0x00000000ef380000, 0x0000000100000000)
  eden space 32256K, 100% used [0x00000000eaa80000,0x00000000eca00000,0x00000000eca00000)
  from space 5120K, 99% used [0x00000000eca00000,0x00000000ecefff58,0x00000000ecf00000)
  to   space 5120K, 0% used [0x00000000eee80000,0x00000000eee80000,0x00000000ef380000)
 ParOldGen       total 83968K, used 2644K [0x00000000c0000000, 0x00000000c5200000, 0x00000000eaa80000)
  object space 83968K, 3% used [0x00000000c0000000,0x00000000c02953a8,0x00000000c5200000)
 PSPermGen       total 21504K, used 20406K [0x00000000b0000000, 0x00000000b1500000, 0x00000000c0000000)
  object space 21504K, 94% used [0x00000000b0000000,0x00000000b13ed9b0,0x00000000b1500000)
Event: 2.654 GC heap after
Heap after GC invocations=4 (full 0):
 PSYoungGen      total 69632K, used 5104K [0x00000000eaa80000, 0x00000000ef380000, 0x0000000100000000)
  eden space 64512K, 0% used [0x00000000eaa80000,0x00000000eaa80000,0x00000000ee980000)
  from space 5120K, 99% used [0x00000000eee80000,0x00000000ef37c010,0x00000000ef380000)
  to   space 5120K, 0% used [0x00000000ee980000,0x00000000ee980000,0x00000000eee80000)
 ParOldGen       total 83968K, used 5323K [0x00000000c0000000, 0x00000000c5200000, 0x00000000eaa80000)
  object space 83968K, 6% used [0x00000000c0000000,0x00000000c0532e20,0x00000000c5200000)
 PSPermGen       total 21504K, used 20406K [0x00000000b0000000, 0x00000000b1500000, 0x00000000c0000000)
  object space 21504K, 94% used [0x00000000b0000000,0x00000000b13ed9b0,0x00000000b1500000)
}
Event: 3.218 GC heap before
{Heap before GC invocations=5 (full 0):
 PSYoungGen      total 69632K, used 69616K [0x00000000eaa80000, 0x00000000ef380000, 0x0000000100000000)
  eden space 64512K, 100% used [0x00000000eaa80000,0x00000000ee980000,0x00000000ee980000)
  from space 5120K, 99% used [0x00000000eee80000,0x00000000ef37c010,0x00000000ef380000)
  to   space 5120K, 0% used [0x00000000ee980000,0x00000000ee980000,0x00000000eee80000)
 ParOldGen       total 83968K, used 5323K [0x00000000c0000000, 0x00000000c5200000, 0x00000000eaa80000)
  object space 83968K, 6% used [0x00000000c0000000,0x00000000c0532e20,0x00000000c5200000)
 PSPermGen       total 22016K, used 21854K [0x00000000b0000000, 0x00000000b1580000, 0x00000000c0000000)
  object space 22016K, 99% used [0x00000000b0000000,0x00000000b1557b48,0x00000000b1580000)
Event: 3.228 GC heap after
Heap after GC invocations=5 (full 0):
 PSYoungGen      total 69632K, used 5108K [0x00000000eaa80000, 0x00000000f3a80000, 0x0000000100000000)
  eden space 64512K, 0% used [0x00000000eaa80000,0x00000000eaa80000,0x00000000ee980000)
  from space 5120K, 99% used [0x00000000ee980000,0x00000000eee7d0d0,0x00000000eee80000)
  to   space 9216K, 0% used [0x00000000f3180000,0x00000000f3180000,0x00000000f3a80000)
 ParOldGen       total 83968K, used 6911K [0x00000000c0000000, 0x00000000c5200000, 0x00000000eaa80000)
  object space 83968K, 8% used [0x00000000c0000000,0x00000000c06bfd18,0x00000000c5200000)
 PSPermGen       total 22016K, used 21854K [0x00000000b0000000, 0x00000000b1580000, 0x00000000c0000000)
  object space 22016K, 99% used [0x00000000b0000000,0x00000000b1557b48,0x00000000b1580000)
}
Event: 3.459 GC heap before
{Heap before GC invocations=6 (full 0):
 PSYoungGen      total 69632K, used 69620K [0x00000000eaa80000, 0x00000000f3a80000, 0x0000000100000000)
  eden space 64512K, 100% used [0x00000000eaa80000,0x00000000ee980000,0x00000000ee980000)
  from space 5120K, 99% used [0x00000000ee980000,0x00000000eee7d0d0,0x00000000eee80000)
  to   space 9216K, 0% used [0x00000000f3180000,0x00000000f3180000,0x00000000f3a80000)
 ParOldGen       total 83968K, used 6911K [0x00000000c0000000, 0x00000000c5200000, 0x00000000eaa80000)
  object space 83968K, 8% used [0x00000000c0000000,0x00000000c06bfd18,0x00000000c5200000)
 PSPermGen       total 22016K, used 21865K [0x00000000b0000000, 0x00000000b1580000, 0x00000000c0000000)
  object space 22016K, 99% used [0x00000000b0000000,0x00000000b155a478,0x00000000b1580000)
Event: 3.470 GC heap after
Heap after GC invocations=6 (full 0):
 PSYoungGen      total 138240K, used 5444K [0x00000000eaa80000, 0x00000000f3a80000, 0x0000000100000000)
  eden space 129024K, 0% used [0x00000000eaa80000,0x00000000eaa80000,0x00000000f2880000)
  from space 9216K, 59% used [0x00000000f3180000,0x00000000f36d1100,0x00000000f3a80000)
  to   space 9216K, 0% used [0x00000000f2880000,0x00000000f2880000,0x00000000f3180000)
 ParOldGen       total 83968K, used 6919K [0x00000000c0000000, 0x00000000c5200000, 0x00000000eaa80000)
  object space 83968K, 8% used [0x00000000c0000000,0x00000000c06c1d18,0x00000000c5200000)
 PSPermGen       total 22016K, used 21865K [0x00000000b0000000, 0x00000000b1580000, 0x00000000c0000000)
  object space 22016K, 99% used [0x00000000b0000000,0x00000000b155a478,0x00000000b1580000)
}
Event: 4.214 GC heap before
{Heap before GC invocations=7 (full 0):
 PSYoungGen      total 138240K, used 134468K [0x00000000eaa80000, 0x00000000f3a80000, 0x0000000100000000)
  eden space 129024K, 100% used [0x00000000eaa80000,0x00000000f2880000,0x00000000f2880000)
  from space 9216K, 59% used [0x00000000f3180000,0x00000000f36d1100,0x00000000f3a80000)
  to   space 9216K, 0% used [0x00000000f2880000,0x00000000f2880000,0x00000000f3180000)
 ParOldGen       total 83968K, used 6919K [0x00000000c0000000, 0x00000000c5200000, 0x00000000eaa80000)
  object space 83968K, 8% used [0x00000000c0000000,0x00000000c06c1d18,0x00000000c5200000)
 PSPermGen       total 22016K, used 21891K [0x00000000b0000000, 0x00000000b1580000, 0x00000000c0000000)
  object space 22016K, 99% used [0x00000000b0000000,0x00000000b1560d68,0x00000000b1580000)
Event: 4.225 GC heap after
Heap after GC invocations=7 (full 0):
 PSYoungGen      total 138240K, used 4200K [0x00000000eaa80000, 0x00000000fb880000, 0x0000000100000000)
  eden space 129024K, 0% used [0x00000000eaa80000,0x00000000eaa80000,0x00000000f2880000)
  from space 9216K, 45% used [0x00000000f2880000,0x00000000f2c9a0e0,0x00000000f3180000)
  to   space 9216K, 0% used [0x00000000faf80000,0x00000000faf80000,0x00000000fb880000)
 ParOldGen       total 83968K, used 8680K [0x00000000c0000000, 0x00000000c5200000, 0x00000000eaa80000)
  object space 83968K, 10% used [0x00000000c0000000,0x00000000c087a370,0x00000000c5200000)
 PSPermGen       total 22016K, used 21891K [0x00000000b0000000, 0x00000000b1580000, 0x00000000c0000000)
  object space 22016K, 99% used [0x00000000b0000000,0x00000000b1560d68,0x00000000b1580000)
}

Deoptimization events (10 events):
Event: 2.504 Thread 0x00007fec68005000 Uncommon trap: reason=class_check action=maybe_recompile pc=0x00007fecb066ec48 method=sun.misc.URLClassPath.getLoader(I)Lsun/misc/URLClassPath$Loader; @ 150
Event: 2.510 Thread 0x00007fec68005000 Uncommon trap: reason=class_check action=maybe_recompile pc=0x00007fecb066ec48 method=sun.misc.URLClassPath.getLoader(I)Lsun/misc/URLClassPath$Loader; @ 150
Event: 3.487 Thread 0x00007fec68005000 Uncommon trap: reason=unreached action=reinterpret pc=0x00007fecb079df4c method=org.codehaus.groovy.ast.ClassNode.redirect()Lorg/codehaus/groovy/ast/ClassNode; @ 4
Event: 3.490 Thread 0x00007fec68005000 Uncommon trap: reason=unreached action=reinterpret pc=0x00007fecb07a970c method=org.codehaus.groovy.ast.ClassNode.redirect()Lorg/codehaus/groovy/ast/ClassNode; @ 4
Event: 4.090 Thread 0x00007fec68005000 Uncommon trap: reason=bimorphic action=maybe_recompile pc=0x00007fecb07b8ec8 method=org.codehaus.groovy.control.ResolveVisitor.resolveNestedClass(Lorg/codehaus/groovy/ast/ClassNode;)Z @ 113
Event: 4.090 Thread 0x00007fec68005000 Uncommon trap: reason=unreached action=reinterpret pc=0x00007fecb07b826c method=org.codehaus.groovy.ast.ClassNode.getCompileUnit()Lorg/codehaus/groovy/ast/CompileUnit; @ 26
Event: 4.092 Thread 0x00007fec68005000 Uncommon trap: reason=unreached action=reinterpret pc=0x00007fecb07a9028 method=org.codehaus.groovy.ast.ClassNode.redirect()Lorg/codehaus/groovy/ast/ClassNode; @ 4
Event: 4.644 Thread 0x00007fec68005000 Uncommon trap: reason=bimorphic action=maybe_recompile pc=0x00007fecb0645844 method=java.util.HashMap.<init>(IF)V @ 115
Event: 4.645 Thread 0x00007fec68005000 Uncommon trap: reason=bimorphic action=maybe_recompile pc=0x00007fecb0645844 method=java.util.HashMap.<init>(IF)V @ 115
Event: 4.677 Thread 0x00007fec68005000 Uncommon trap: reason=unreached action=reinterpret pc=0x00007fecb065f3fc method=java.util.HashMap.get(Ljava/lang/Object;)Ljava/lang/Object; @ 1

Internal exceptions (10 events):
Event: 4.735 Thread 0x00007fec68005000 Threw 0x00000000f05988e0 at /build/buildd/openjdk-7-7u79-2.5.5/build/openjdk/hotspot/src/share/vm/prims/jvm.cpp:1284
Event: 4.735 Thread 0x00007fec68005000 Threw 0x00000000f05991e8 at /build/buildd/openjdk-7-7u79-2.5.5/build/openjdk/hotspot/src/share/vm/prims/jvm.cpp:1284
Event: 4.735 Thread 0x00007fec68005000 Threw 0x00000000f059c2c0 at /build/buildd/openjdk-7-7u79-2.5.5/build/openjdk/hotspot/src/share/vm/prims/jvm.cpp:1284
Event: 4.735 Thread 0x00007fec68005000 Threw 0x00000000f059cd50 at /build/buildd/openjdk-7-7u79-2.5.5/build/openjdk/hotspot/src/share/vm/prims/jvm.cpp:1284
Event: 4.736 Thread 0x00007fec68005000 Threw 0x00000000f05a3d40 at /build/buildd/openjdk-7-7u79-2.5.5/build/openjdk/hotspot/src/share/vm/prims/jvm.cpp:1284
Event: 4.736 Thread 0x00007fec68005000 Threw 0x00000000f05a4a20 at /build/buildd/openjdk-7-7u79-2.5.5/build/openjdk/hotspot/src/share/vm/prims/jvm.cpp:1284
Event: 4.736 Thread 0x00007fec68005000 Threw 0x00000000f05a80e8 at /build/buildd/openjdk-7-7u79-2.5.5/build/openjdk/hotspot/src/share/vm/prims/jvm.cpp:1284
Event: 4.736 Thread 0x00007fec68005000 Threw 0x00000000f05a8de0 at /build/buildd/openjdk-7-7u79-2.5.5/build/openjdk/hotspot/src/share/vm/prims/jvm.cpp:1284
Event: 4.737 Thread 0x00007fec68005000 Threw 0x00000000f05ae218 at /build/buildd/openjdk-7-7u79-2.5.5/build/openjdk/hotspot/src/share/vm/prims/jvm.cpp:1284
Event: 4.737 Thread 0x00007fec68005000 Threw 0x00000000f05aeca8 at /build/buildd/openjdk-7-7u79-2.5.5/build/openjdk/hotspot/src/share/vm/prims/jvm.cpp:1284

Events (10 events):
Event: 4.735 loading class 0x00007fec64595950
Event: 4.735 loading class 0x00007fec64595950 done
Event: 4.735 loading class 0x00007fec6455b7c0
Event: 4.735 loading class 0x00007fec6455b7c0 done
Event: 4.736 loading class 0x00007fec6455fb90
Event: 4.736 loading class 0x00007fec6455fb90 done
Event: 4.736 loading class 0x00007fec643f7970
Event: 4.736 loading class 0x00007fec643f7970 done
Event: 4.737 loading class 0x00007fec640ca940
Event: 4.737 loading class 0x00007fec640ca940 done


Dynamic libraries:
00400000-00401000 r-xp 00000000 08:02 5112793                            /usr/lib/jvm/java-7-openjdk-amd64/jre/bin/java
00600000-00601000 r--p 00000000 08:02 5112793                            /usr/lib/jvm/java-7-openjdk-amd64/jre/bin/java
00601000-00602000 rw-p 00001000 08:02 5112793                            /usr/lib/jvm/java-7-openjdk-amd64/jre/bin/java
00912000-00933000 rw-p 00000000 00:00 0                                  [heap]
b0000000-b1700000 rw-p 00000000 00:00 0 
b1700000-c0000000 rw-p 00000000 00:00 0 
c0000000-c5200000 rw-p 00000000 00:00 0 
c5200000-eaa80000 rw-p 00000000 00:00 0 
eaa80000-fb880000 rw-p 00000000 00:00 0 
fb880000-100000000 rw-p 00000000 00:00 0 
7fec50000000-7fec50021000 rw-p 00000000 00:00 0 
7fec50021000-7fec54000000 ---p 00000000 00:00 0 
7fec58000000-7fec58021000 rw-p 00000000 00:00 0 
7fec58021000-7fec5c000000 ---p 00000000 00:00 0 
7fec5c000000-7fec5c021000 rw-p 00000000 00:00 0 
7fec5c021000-7fec60000000 ---p 00000000 00:00 0 
7fec60000000-7fec60021000 rw-p 00000000 00:00 0 
7fec60021000-7fec64000000 ---p 00000000 00:00 0 
7fec64000000-7fec647cf000 rw-p 00000000 00:00 0 
7fec647cf000-7fec68000000 ---p 00000000 00:00 0 
7fec68000000-7fec68021000 rw-p 00000000 00:00 0 
7fec68021000-7fec6c000000 ---p 00000000 00:00 0 
7fec6c000000-7fec6c02c000 rw-p 00000000 00:00 0 
7fec6c02c000-7fec70000000 ---p 00000000 00:00 0 
7fec70000000-7fec70021000 rw-p 00000000 00:00 0 
7fec70021000-7fec74000000 ---p 00000000 00:00 0 
7fec74000000-7fec7402f000 rw-p 00000000 00:00 0 
7fec7402f000-7fec78000000 ---p 00000000 00:00 0 
7fec78000000-7fec784a2000 rw-p 00000000 00:00 0 
7fec784a2000-7fec7c000000 ---p 00000000 00:00 0 
7fec7c000000-7fec7c021000 rw-p 00000000 00:00 0 
7fec7c021000-7fec80000000 ---p 00000000 00:00 0 
7fec80000000-7fec80021000 rw-p 00000000 00:00 0 
7fec80021000-7fec84000000 ---p 00000000 00:00 0 
7fec84000000-7fec849af000 rw-p 00000000 00:00 0 
7fec849af000-7fec88000000 ---p 00000000 00:00 0 
7fec88000000-7fec88021000 rw-p 00000000 00:00 0 
7fec88021000-7fec8c000000 ---p 00000000 00:00 0 
7fec8c000000-7fec8c021000 rw-p 00000000 00:00 0 
7fec8c021000-7fec90000000 ---p 00000000 00:00 0 
7fec90000000-7fec90021000 rw-p 00000000 00:00 0 
7fec90021000-7fec94000000 ---p 00000000 00:00 0 
7fec94000000-7fec94021000 rw-p 00000000 00:00 0 
7fec94021000-7fec98000000 ---p 00000000 00:00 0 
7fec98000000-7fec98021000 rw-p 00000000 00:00 0 
7fec98021000-7fec9c000000 ---p 00000000 00:00 0 
7feca0000000-7feca0021000 rw-p 00000000 00:00 0 
7feca0021000-7feca4000000 ---p 00000000 00:00 0 
7feca418f000-7feca4190000 rw-p 00000000 00:00 0 
7feca4190000-7feca4193000 ---p 00000000 00:00 0 
7feca4193000-7feca41c9000 rw-p 00000000 00:00 0                          [stack:23268]
7feca41c9000-7feca41ca000 r--p 00000000 00:00 0 
7feca41ca000-7feca41cc000 r--s 00004000 08:02 2360085                    /home/eran/.gradle/caches/jars-1/tu2gnlb5m1rfa2weqb2jor5orcodnq1/builder-model-1.2.0-beta4.jar
7feca41cc000-7feca41cd000 r--s 00000000 08:02 2360083                    /home/eran/.gradle/caches/jars-1/dg22azhabc6tsc1i8xni15giz1bnssh/gradle-appengine-builder-model-0.1.0.jar
7feca41cd000-7feca4293000 r--s 010e5000 08:02 4460334                    /home/eran/.gradle/caches/jars-1/2hpy50cnqqi34s6liv753ncwgklo7gw/openapi.jar
7feca4293000-7feca4295000 r--s 00006000 08:02 4460332                    /home/eran/.gradle/caches/jars-1/ljicyi10kdd7u1z3nvouwf93c3t8q2c/gradle-tooling-extension-api.jar
7feca4295000-7feca429b000 r--s 00026000 08:02 2360077                    /home/eran/.gradle/caches/jars-1/qlb402qqdb9mu9614i3hr843cfch7zw/gradle-base-services-2.2.jar
7feca429b000-7feca42c3000 r--s 001cf000 08:02 2360075                    /home/eran/.gradle/caches/jars-1/87eo0lrvp84r6dbxjq018wy66es2era/guava-jdk5-17.0.jar
7feca42c3000-7feca42cc000 r--s 0002c000 08:02 2360073                    /home/eran/.gradle/caches/jars-1/ltkluv74baem3ersp41z8rutm6he5v5/gradle-tooling-api-2.2.jar
7feca42cc000-7feca42cf000 ---p 00000000 00:00 0 
7feca42cf000-7feca43cd000 rw-p 00000000 00:00 0                          [stack:23266]
7feca43cd000-7feca4438000 r--s 0069e000 08:02 6438514                    /usr/lib/jvm/java-7-openjdk-amd64/lib/tools.jar
7feca4438000-7feca443b000 ---p 00000000 00:00 0 
7feca443b000-7feca4539000 rw-p 00000000 00:00 0                          [stack:23265]
7feca4539000-7feca4540000 r--s 00000000 08:02 5379026                    /usr/lib/x86_64-linux-gnu/gconv/gconv-modules.cache
7feca4540000-7feca4543000 ---p 00000000 00:00 0 
7feca4543000-7feca4641000 rw-p 00000000 00:00 0                          [stack:23262]
7feca4641000-7feca4644000 ---p 00000000 00:00 0 
7feca4644000-7feca4742000 rw-p 00000000 00:00 0                          [stack:23261]
7feca4742000-7feca4745000 ---p 00000000 00:00 0 
7feca4745000-7feca4843000 rw-p 00000000 00:00 0                          [stack:23260]
7feca4843000-7feca4846000 ---p 00000000 00:00 0 
7feca4846000-7feca4944000 rw-p 00000000 00:00 0                          [stack:23259]
7feca4944000-7feca4947000 ---p 00000000 00:00 0 
7feca4947000-7feca4a45000 rw-p 00000000 00:00 0                          [stack:23258]
7feca4a45000-7feca4a49000 r-xp 00000000 08:02 1707318                    /tmp/native-platform1836376961482131471dir/libnative-platform.so
7feca4a49000-7feca4c48000 ---p 00004000 08:02 1707318                    /tmp/native-platform1836376961482131471dir/libnative-platform.so
7feca4c48000-7feca4c49000 rw-p 00003000 08:02 1707318                    /tmp/native-platform1836376961482131471dir/libnative-platform.so
7feca4c49000-7feca4c4e000 r--s 0004d000 08:02 5112890                    /usr/lib/jvm/java-7-openjdk-amd64/jre/lib/jsse.jar
7feca4c4e000-7feca4c4f000 r--s 00001000 08:02 1704983                    /home/eran/tools/android/android-studio/gradle/gradle-2.2.1/lib/plugins/gradle-plugin-development-2.2.1.jar
7feca4c4f000-7feca4c51000 r--s 00002000 08:02 1704904                    /home/eran/tools/android/android-studio/gradle/gradle-2.2.1/lib/plugins/gradle-cunit-2.2.1.jar
7feca4c51000-7feca4c56000 r--s 00036000 08:02 1704972                    /home/eran/tools/android/android-studio/gradle/gradle-2.2.1/lib/plugins/gradle-ide-native-2.2.1.jar
7feca4c56000-7feca4c5b000 r--s 00013000 08:02 1704942                    /home/eran/tools/android/android-studio/gradle/gradle-2.2.1/lib/plugins/gradle-language-native-2.2.1.jar
7feca4c5b000-7feca4c66000 r--s 0004d000 08:02 1704955                    /home/eran/tools/android/android-studio/gradle/gradle-2.2.1/lib/plugins/gradle-platform-native-2.2.1.jar
7feca4c66000-7feca4c68000 r--s 00008000 08:02 1704926                    /home/eran/tools/android/android-studio/gradle/gradle-2.2.1/lib/plugins/gradle-language-groovy-2.2.1.jar
7feca4c68000-7feca4c6d000 r--s 00022000 08:02 1704991                    /home/eran/tools/android/android-studio/gradle/gradle-2.2.1/lib/plugins/gradle-language-java-2.2.1.jar
7feca4c6d000-7feca4c70000 r--s 00007000 08:02 1704960                    /home/eran/tools/android/android-studio/gradle/gradle-2.2.1/lib/plugins/gradle-language-jvm-2.2.1.jar
7feca4c70000-7feca4c73000 r--s 00009000 08:02 1704929                    /home/eran/tools/android/android-studio/gradle/gradle-2.2.1/lib/plugins/gradle-platform-jvm-2.2.1.jar
7feca4c73000-7feca4c78000 r--s 00018000 08:02 1704907                    /home/eran/tools/android/android-studio/gradle/gradle-2.2.1/lib/plugins/gradle-platform-base-2.2.1.jar
7feca4c78000-7feca4c7d000 r--s 00026000 08:02 1704993                    /home/eran/tools/android/android-studio/gradle/gradle-2.2.1/lib/plugins/gradle-build-init-2.2.1.jar
7feca4c7d000-7feca4c80000 r--s 0001d000 08:02 1704973                    /home/eran/tools/android/android-studio/gradle/gradle-2.2.1/lib/plugins/gradle-jacoco-2.2.1.jar
7feca4c80000-7feca4c83000 r--s 0000d000 08:02 1704965                    /home/eran/tools/android/android-studio/gradle/gradle-2.2.1/lib/plugins/gradle-ivy-2.2.1.jar
7feca4c83000-7feca4c85000 r--s 00002000 08:02 1704967                    /home/eran/tools/android/android-studio/gradle/gradle-2.2.1/lib/plugins/gradle-publish-2.2.1.jar
7feca4c85000-7feca4c87000 r--s 00005000 08:02 1704934                    /home/eran/tools/android/android-studio/gradle/gradle-2.2.1/lib/plugins/jatl-0.2.2.jar
7feca4c87000-7feca4c89000 r--s 0000f000 08:02 1704962                    /home/eran/tools/android/android-studio/gradle/gradle-2.2.1/lib/plugins/gradle-reporting-2.2.1.jar
7feca4c89000-7feca4c8e000 r--s 00034000 08:02 1704969                    /home/eran/tools/android/android-studio/gradle/gradle-2.2.1/lib/plugins/gradle-diagnostics-2.2.1.jar
7feca4c8e000-7feca4c95000 r--s 00090000 08:02 1704911                    /home/eran/tools/android/android-studio/gradle/gradle-2.2.1/lib/plugins/gradle-build-comparison-2.2.1.jar
7feca4c95000-7feca4c9c000 r--s 00035000 08:02 1704950                    /home/eran/tools/android/android-studio/gradle/gradle-2.2.1/lib/plugins/simple-4.1.21.jar
7feca4c9c000-7feca4ca8000 r--s 00100000 08:02 1704981                    /home/eran/tools/android/android-studio/gradle/gradle-2.2.1/lib/plugins/rhino-1.7R3.jar
7feca4ca8000-7feca4cad000 r--s 0001f000 08:02 1704968                    /home/eran/tools/android/android-studio/gradle/gradle-2.2.1/lib/plugins/gradle-javascript-2.2.1.jar
7feca4cad000-7feca4caf000 r--s 0000e000 08:02 1704966                    /home/eran/tools/android/android-studio/gradle/gradle-2.2.1/lib/plugins/gradle-ear-2.2.1.jar
7feca4caf000-7feca4cb3000 r--s 00025000 08:02 1704903                    /home/eran/tools/android/android-studio/gradle/gradle-2.2.1/lib/plugins/bcpg-jdk15-1.46.jar
7feca4cb3000-7feca4cb6000 r--s 0001d000 08:02 1704914                    /home/eran/tools/android/android-studio/gradle/gradle-2.2.1/lib/plugins/gradle-signing-2.2.1.jar
7feca4cb6000-7feca4cb7000 r--s 00002000 08:02 1704896                    /home/eran/tools/android/android-studio/gradle/gradle-2.2.1/lib/plugins/sonar-batch-bootstrapper-2.9.jar
7feca4cb7000-7feca4cba000 r--s 00018000 08:02 1704940                    /home/eran/tools/android/android-studio/gradle/gradle-2.2.1/lib/plugins/gradle-sonar-2.2.1.jar
7feca4cba000-7feca4cbd000 r--s 00017000 08:02 1704925                    /home/eran/tools/android/android-studio/gradle/gradle-2.2.1/lib/plugins/gradle-scala-2.2.1.jar
7feca4cbd000-7feca4cbf000 r--s 0000e000 08:02 1704931                    /home/eran/tools/android/android-studio/gradle/gradle-2.2.1/lib/plugins/gradle-announce-2.2.1.jar
7feca4cbf000-7feca4ccd000 r--s 000bc000 08:02 1704908                    /home/eran/tools/android/android-studio/gradle/gradle-2.2.1/lib/plugins/gradle-ide-2.2.1.jar
7feca4ccd000-7feca4ccf000 r--s 00000000 08:02 1704974                    /home/eran/tools/android/android-studio/gradle/gradle-2.2.1/lib/plugins/plexus-component-annotations-1.5.2.jar
7feca4ccf000-7feca4cd2000 r--s 0000c000 08:02 1704930                    /home/eran/tools/android/android-studio/gradle/gradle-2.2.1/lib/plugins/pmaven-groovy-0.8-20100325.jar
7feca4cd2000-7feca4cd3000 r--s 00004000 08:02 1704951                    /home/eran/tools/android/android-studio/gradle/gradle-2.2.1/lib/plugins/pmaven-common-0.8-20100325.jar
7feca4cd3000-7feca4cd7000 r--s 0001e000 08:02 1704948                    /home/eran/tools/android/android-studio/gradle/gradle-2.2.1/lib/plugins/gradle-maven-2.2.1.jar
7feca4cd7000-7feca4cef000 r--s 0013b000 08:02 1704985                    /home/eran/tools/android/android-studio/gradle/gradle-2.2.1/lib/plugins/bndlib-2.1.0.jar
7feca4cef000-7feca4cf1000 r--s 00004000 08:02 1704918                    /home/eran/tools/android/android-studio/gradle/gradle-2.2.1/lib/plugins/gradle-osgi-2.2.1.jar
7feca4cf1000-7feca4cf6000 r--s 00068000 08:02 1704949                    /home/eran/tools/android/android-studio/gradle/gradle-2.2.1/lib/plugins/antlr-2.7.7.jar
7feca4cf6000-7feca4cf7000 r--s 00002000 08:02 1704980                    /home/eran/tools/android/android-studio/gradle/gradle-2.2.1/lib/plugins/ant-antlr-1.9.3.jar
7feca4cf7000-7feca4cf9000 r--s 00004000 08:02 1704971                    /home/eran/tools/android/android-studio/gradle/gradle-2.2.1/lib/plugins/gradle-antlr-2.2.1.jar
7feca4cf9000-7feca4cfc000 r--s 0001e000 08:02 1704944                    /home/eran/tools/android/android-studio/gradle/gradle-2.2.1/lib/plugins/jsp-api-2.1-6.1.14.jar
7feca4cfc000-7feca4d1f000 r--s 00344000 08:02 1704975                    /home/eran/tools/android/android-studio/gradle/gradle-2.2.1/lib/plugins/core-3.1.1.jar
7feca4d1f000-7feca4d20000 r--s 00006000 08:02 1704994                    /home/eran/tools/android/android-studio/gradle/gradle-2.2.1/lib/plugins/jetty-naming-6.1.25.jar
7feca4d20000-7feca4d21000 r--s 00002000 08:02 1704923                    /home/eran/tools/android/android-studio/gradle/gradle-2.2.1/lib/plugins/geronimo-annotation_1.0_spec-1.0.jar
7feca4d21000-7feca4d23000 r--s 00002000 08:02 1704936                    /home/eran/tools/android/android-studio/gradle/gradle-2.2.1/lib/plugins/jetty-annotations-6.1.25.jar
7feca4d23000-7feca4d34000 r--s 000ea000 08:02 1704956                    /home/eran/tools/android/android-studio/gradle/gradle-2.2.1/lib/plugins/jsp-2.1-6.1.14.jar
7feca4d34000-7feca4d36000 r--s 0000d000 08:02 1704906                    /home/eran/tools/android/android-studio/gradle/gradle-2.2.1/lib/plugins/jetty-plus-6.1.25.jar
7feca4d36000-7feca4d38000 r--s 0001f000 08:02 1704928                    /home/eran/tools/android/android-studio/gradle/gradle-2.2.1/lib/plugins/servlet-api-2.5-20081211.jar
7feca4d38000-7feca4d3c000 r--s 00028000 08:02 1704897                    /home/eran/tools/android/android-studio/gradle/gradle-2.2.1/lib/plugins/jetty-util-6.1.25.jar
7feca4d3c000-7feca4d43000 r--s 0007d000 08:02 1704958                    /home/eran/tools/android/android-studio/gradle/gradle-2.2.1/lib/plugins/jetty-6.1.25.jar
7feca4d43000-7feca4d45000 r--s 00009000 08:02 1704917                    /home/eran/tools/android/android-studio/gradle/gradle-2.2.1/lib/plugins/gradle-jetty-2.2.1.jar
7feca4d45000-7feca4d4a000 r--s 00041000 08:02 1704920                    /home/eran/tools/android/android-studio/gradle/gradle-2.2.1/lib/plugins/gradle-code-quality-2.2.1.jar
7feca4d4a000-7feca4d4c000 r--s 00009000 08:02 1704924                    /home/eran/tools/android/android-studio/gradle/gradle-2.2.1/lib/plugins/hamcrest-core-1.3.jar
7feca4d4c000-7feca4d52000 r--s 00033000 08:02 1704961                    /home/eran/tools/android/android-studio/gradle/gradle-2.2.1/lib/plugins/snakeyaml-1.6.jar
7feca4d52000-7feca4d54000 r--s 00006000 08:02 1704909                    /home/eran/tools/android/android-studio/gradle/gradle-2.2.1/lib/plugins/jcommander-1.12.jar
7feca4d54000-7feca4d59000 r--s 00040000 08:02 1704970                    /home/eran/tools/android/android-studio/gradle/gradle-2.2.1/lib/plugins/bsh-2.0b4.jar
7feca4d59000-7feca4d5b000 r--s 00009000 08:02 1704901                    /home/eran/tools/android/android-studio/gradle/gradle-2.2.1/lib/plugins/commons-cli-1.2.jar
7feca4d5b000-7feca4d64000 r--s 00089000 08:02 1704921                    /home/eran/tools/android/android-studio/gradle/gradle-2.2.1/lib/plugins/testng-6.3.1.jar
7feca4d64000-7feca4d6a000 r--s 00036000 08:02 1704945                    /home/eran/tools/android/android-studio/gradle/gradle-2.2.1/lib/plugins/junit-4.11.jar
7feca4d6a000-7feca4d76000 r--s 00075000 08:02 1704915                    /home/eran/tools/android/android-studio/gradle/gradle-2.2.1/lib/plugins/gradle-plugins-2.2.1.jar
7feca4d76000-7feca4d79000 r--s 00011000 08:02 1704898                    /home/eran/tools/android/android-studio/gradle/gradle-2.2.1/lib/plugins/gradle-plugin-use-2.2.1.jar
7feca4d79000-7feca4d91000 r--s 00115000 08:02 1704953                    /home/eran/tools/android/android-studio/gradle/gradle-2.2.1/lib/plugins/xercesImpl-2.9.1.jar
7feca4d91000-7feca4d99000 r--s 00028000 08:02 1704937                    /home/eran/tools/android/android-studio/gradle/gradle-2.2.1/lib/plugins/xml-apis-1.3.04.jar
7feca4d99000-7feca4d9f000 r--s 0005b000 08:02 1704900                    /home/eran/tools/android/android-studio/gradle/gradle-2.2.1/lib/plugins/jcifs-1.3.17.jar
7feca4d9f000-7feca4da5000 r--s 00031000 08:02 1704910                    /home/eran/tools/android/android-studio/gradle/gradle-2.2.1/lib/plugins/httpcore-4.2.2.jar
7feca4da5000-7feca4dab000 r--s 00033000 08:02 1704899                    /home/eran/tools/android/android-studio/gradle/gradle-2.2.1/lib/plugins/commons-codec-1.6.jar
7feca4dab000-7feca4dae000 r--s 0001c000 08:02 1704989                    /home/eran/tools/android/android-studio/gradle/gradle-2.2.1/lib/plugins/nekohtml-1.9.14.jar
7feca4dae000-7feca4db7000 r--s 00060000 08:02 1704922                    /home/eran/tools/android/android-studio/gradle/gradle-2.2.1/lib/plugins/httpclient-4.2.2.jar
7feca4db7000-7feca4db9000 r--s 00007000 08:02 1704979                    /home/eran/tools/android/android-studio/gradle/gradle-2.2.1/lib/plugins/gradle-resources-http-2.2.1.jar
7feca4db9000-7feca4de1000 r--s 00194000 08:02 1704935                    /home/eran/tools/android/android-studio/gradle/gradle-2.2.1/lib/plugins/bcprov-jdk15-1.46.jar
7feca4de1000-7feca4de5000 r--s 0001d000 08:02 1704976                    /home/eran/tools/android/android-studio/gradle/gradle-2.2.1/lib/plugins/xbean-reflect-3.4.jar
7feca4de5000-7feca4dea000 r--s 0002a000 08:02 1704986                    /home/eran/tools/android/android-studio/gradle/gradle-2.2.1/lib/plugins/gson-2.2.4.jar
7feca4dea000-7feca4dee000 r--s 0003d000 08:02 1704941                    /home/eran/tools/android/android-studio/gradle/gradle-2.2.1/lib/plugins/jsch-0.1.51.jar
7feca4dee000-7feca4e07000 r--s 00129000 08:02 1704982                    /home/eran/tools/android/android-studio/gradle/gradle-2.2.1/lib/plugins/maven-ant-tasks-2.1.3.jar
7feca4e07000-7feca4e16000 r--s 000d9000 08:02 1704964                    /home/eran/tools/android/android-studio/gradle/gradle-2.2.1/lib/plugins/ivy-2.2.0.jar
7feca4e16000-7feca4e1a000 r--s 0001e000 08:02 1704938                    /home/eran/tools/android/android-studio/gradle/gradle-2.2.1/lib/plugins/jarjar-aether-impl-1.13.1.jar
7feca4e1a000-7feca4e1d000 r--s 00027000 08:02 1704943                    /home/eran/tools/android/android-studio/gradle/gradle-2.2.1/lib/plugins/jarjar-maven-model-3.0.4.jar
7feca4e1d000-7feca4e20000 r--s 0000b000 08:02 1704933                    /home/eran/tools/android/android-studio/gradle/gradle-2.2.1/lib/plugins/jarjar-maven-artifact-3.0.4.jar
7feca4e20000-7feca4e24000 r--s 0001e000 08:02 1704913                    /home/eran/tools/android/android-studio/gradle/gradle-2.2.1/lib/plugins/jarjar-aether-util-1.13.1.jar
7feca4e24000-7feca4e26000 r--s 00007000 08:02 1704987                    /home/eran/tools/android/android-studio/gradle/gradle-2.2.1/lib/plugins/jarjar-wagon-http-shared4-2.4.jar
7feca4e26000-7feca4e33000 r--s 00083000 08:02 1704912                    /home/eran/tools/android/android-studio/gradle/gradle-2.2.1/lib/plugins/jarjar-maven-core-3.0.4.jar
7feca4e33000-7feca4e35000 r--s 00003000 08:02 1704963                    /home/eran/tools/android/android-studio/gradle/gradle-2.2.1/lib/plugins/jarjar-aether-spi-1.13.1.jar
7feca4e35000-7feca4e37000 r--s 00009000 08:02 1704952                    /home/eran/tools/android/android-studio/gradle/gradle-2.2.1/lib/plugins/jarjar-maven-settings-builder-3.0.4.jar
7feca4e37000-7feca4e3b000 r--s 00014000 08:02 1704927                    /home/eran/tools/android/android-studio/gradle/gradle-2.2.1/lib/plugins/jarjar-aether-api-1.13.1.jar
7feca4e3b000-7feca4e3c000 r--s 00002000 08:02 1704977                    /home/eran/tools/android/android-studio/gradle/gradle-2.2.1/lib/plugins/jarjar-wagon-http-2.4.jar
7feca4e3c000-7feca4e43000 r--s 00042000 08:02 1704916                    /home/eran/tools/android/android-studio/gradle/gradle-2.2.1/lib/plugins/jarjar-maven-compat-3.0.4.jar
7feca4e43000-7feca4e45000 r--s 00006000 08:02 1704932                    /home/eran/tools/android/android-studio/gradle/gradle-2.2.1/lib/plugins/jarjar-aether-connector-wagon-1.13.1.jar
7feca4e45000-7feca4e47000 r--s 00000000 08:02 1704919                    /home/eran/tools/android/android-studio/gradle/gradle-2.2.1/lib/plugins/jarjar-plexus-component-annotations-1.5.5.jar
7feca4e47000-7feca4e49000 r--s 00006000 08:02 1704905                    /home/eran/tools/android/android-studio/gradle/gradle-2.2.1/lib/plugins/jarjar-plexus-sec-dispatcher-1.3.jar
7feca4e49000-7feca4e4e000 r--s 00022000 08:02 1704978                    /home/eran/tools/android/android-studio/gradle/gradle-2.2.1/lib/plugins/jarjar-maven-model-builder-3.0.4.jar
7feca4e4e000-7feca4e50000 r--s 0000b000 08:02 1704947                    /home/eran/tools/android/android-studio/gradle/gradle-2.2.1/lib/plugins/jarjar-maven-plugin-api-3.0.4.jar
7feca4e50000-7feca4e53000 r--s 0000a000 08:02 1704902                    /home/eran/tools/android/android-studio/gradle/gradle-2.2.1/lib/plugins/jarjar-plexus-classworlds-2.4.jar
7feca4e53000-7feca4e57000 r--s 00035000 08:02 1704988                    /home/eran/tools/android/android-studio/gradle/gradle-2.2.1/lib/plugins/jarjar-plexus-utils-2.0.6.jar
7feca4e57000-7feca4e59000 r--s 0000e000 08:02 1704990                    /home/eran/tools/android/android-studio/gradle/gradle-2.2.1/lib/plugins/jarjar-plexus-interpolation-1.14.jar
7feca4e59000-7feca4e5b000 r--s 00002000 08:02 1704939                    /home/eran/tools/android/android-studio/gradle/gradle-2.2.1/lib/plugins/jarjar-plexus-cipher-1.7.jar
7feca4e5b000-7feca4e5d000 r--s 0000c000 08:02 1704984                    /home/eran/tools/android/android-studio/gradle/gradle-2.2.1/lib/plugins/jarjar-wagon-provider-api-2.4.jar
7feca4e5d000-7feca4e5f000 r--s 0000d000 08:02 1704992                    /home/eran/tools/android/android-studio/gradle/gradle-2.2.1/lib/plugins/jarjar-maven-aether-provider-3.0.4.jar
7feca4e5f000-7feca4e67000 r--s 00031000 08:02 1704959                    /home/eran/tools/android/android-studio/gradle/gradle-2.2.1/lib/plugins/jarjar-plexus-container-default-1.5.5.jar
7feca4e67000-7feca4e77000 r-xp 00000000 08:02 5112866                    /usr/lib/jvm/java-7-openjdk-amd64/jre/lib/amd64/libnio.so
7feca4e77000-7feca5077000 ---p 00010000 08:02 5112866                    /usr/lib/jvm/java-7-openjdk-amd64/jre/lib/amd64/libnio.so
7feca5077000-7feca5078000 r--p 00010000 08:02 5112866                    /usr/lib/jvm/java-7-openjdk-amd64/jre/lib/amd64/libnio.so
7feca5078000-7feca5079000 rw-p 00011000 08:02 5112866                    /usr/lib/jvm/java-7-openjdk-amd64/jre/lib/amd64/libnio.so
7feca5079000-7feca50b6000 r-xp 00000000 08:02 135212                     /lib/x86_64-linux-gnu/libpcre.so.3.13.1
7feca50b6000-7feca52b5000 ---p 0003d000 08:02 135212                     /lib/x86_64-linux-gnu/libpcre.so.3.13.1
7feca52b5000-7feca52b6000 r--p 0003c000 08:02 135212                     /lib/x86_64-linux-gnu/libpcre.so.3.13.1
7feca52b6000-7feca52b7000 rw-p 0003d000 08:02 135212                     /lib/x86_64-linux-gnu/libpcre.so.3.13.1
7feca52b7000-7feca52be000 r-xp 00000000 08:02 4989004                    /usr/lib/x86_64-linux-gnu/libffi.so.6.0.1
7feca52be000-7feca54bd000 ---p 00007000 08:02 4989004                    /usr/lib/x86_64-linux-gnu/libffi.so.6.0.1
7feca54bd000-7feca54be000 r--p 00006000 08:02 4989004                    /usr/lib/x86_64-linux-gnu/libffi.so.6.0.1
7feca54be000-7feca54bf000 rw-p 00007000 08:02 4989004                    /usr/lib/x86_64-linux-gnu/libffi.so.6.0.1
7feca54bf000-7feca54d6000 r-xp 00000000 08:02 131077                     /lib/x86_64-linux-gnu/libresolv-2.19.so
7feca54d6000-7feca56d6000 ---p 00017000 08:02 131077                     /lib/x86_64-linux-gnu/libresolv-2.19.so
7feca56d6000-7feca56d7000 r--p 00017000 08:02 131077                     /lib/x86_64-linux-gnu/libresolv-2.19.so
7feca56d7000-7feca56d8000 rw-p 00018000 08:02 131077                     /lib/x86_64-linux-gnu/libresolv-2.19.so
7feca56d8000-7feca56da000 rw-p 00000000 00:00 0 
7feca56da000-7feca56fa000 r-xp 00000000 08:02 135239                     /lib/x86_64-linux-gnu/libselinux.so.1
7feca56fa000-7feca58f9000 ---p 00020000 08:02 135239                     /lib/x86_64-linux-gnu/libselinux.so.1
7feca58f9000-7feca58fa000 r--p 0001f000 08:02 135239                     /lib/x86_64-linux-gnu/libselinux.so.1
7feca58fa000-7feca58fb000 rw-p 00020000 08:02 135239                     /lib/x86_64-linux-gnu/libselinux.so.1
7feca58fb000-7feca58fd000 rw-p 00000000 00:00 0 
7feca58fd000-7feca5900000 r-xp 00000000 08:02 4989117                    /usr/lib/x86_64-linux-gnu/libgmodule-2.0.so.0.4002.0
7feca5900000-7feca5aff000 ---p 00003000 08:02 4989117                    /usr/lib/x86_64-linux-gnu/libgmodule-2.0.so.0.4002.0
7feca5aff000-7feca5b00000 r--p 00002000 08:02 4989117                    /usr/lib/x86_64-linux-gnu/libgmodule-2.0.so.0.4002.0
7feca5b00000-7feca5b01000 rw-p 00003000 08:02 4989117                    /usr/lib/x86_64-linux-gnu/libgmodule-2.0.so.0.4002.0
7feca5b01000-7feca5c07000 r-xp 00000000 08:02 135140                     /lib/x86_64-linux-gnu/libglib-2.0.so.0.4002.0
7feca5c07000-7feca5e06000 ---p 00106000 08:02 135140                     /lib/x86_64-linux-gnu/libglib-2.0.so.0.4002.0
7feca5e06000-7feca5e07000 r--p 00105000 08:02 135140                     /lib/x86_64-linux-gnu/libglib-2.0.so.0.4002.0
7feca5e07000-7feca5e08000 rw-p 00106000 08:02 135140                     /lib/x86_64-linux-gnu/libglib-2.0.so.0.4002.0
7feca5e08000-7feca5e09000 rw-p 00000000 00:00 0 
7feca5e09000-7feca5e58000 r-xp 00000000 08:02 4989133                    /usr/lib/x86_64-linux-gnu/libgobject-2.0.so.0.4002.0
7feca5e58000-7feca6058000 ---p 0004f000 08:02 4989133                    /usr/lib/x86_64-linux-gnu/libgobject-2.0.so.0.4002.0
7feca6058000-7feca6059000 r--p 0004f000 08:02 4989133                    /usr/lib/x86_64-linux-gnu/libgobject-2.0.so.0.4002.0
7feca6059000-7feca605a000 rw-p 00050000 08:02 4989133                    /usr/lib/x86_64-linux-gnu/libgobject-2.0.so.0.4002.0
7feca605a000-7feca61c6000 r-xp 00000000 08:02 4989105                    /usr/lib/x86_64-linux-gnu/libgio-2.0.so.0.4002.0
7feca61c6000-7feca63c5000 ---p 0016c000 08:02 4989105                    /usr/lib/x86_64-linux-gnu/libgio-2.0.so.0.4002.0
7feca63c5000-7feca63c9000 r--p 0016b000 08:02 4989105                    /usr/lib/x86_64-linux-gnu/libgio-2.0.so.0.4002.0
7feca63c9000-7feca63cb000 rw-p 0016f000 08:02 4989105                    /usr/lib/x86_64-linux-gnu/libgio-2.0.so.0.4002.0
7feca63cb000-7feca63cd000 rw-p 00000000 00:00 0 
7feca63cd000-7feca63ce000 r--s 00007000 08:02 1704946                    /home/eran/tools/android/android-studio/gradle/gradle-2.2.1/lib/plugins/jarjar-maven-repository-metadata-3.0.4.jar
7feca63ce000-7feca63cf000 r--s 0000b000 08:02 1704957                    /home/eran/tools/android/android-studio/gradle/gradle-2.2.1/lib/plugins/jarjar-maven-settings-3.0.4.jar
7feca63cf000-7feca63e7000 r--s 000b5000 08:02 1704954                    /home/eran/tools/android/android-studio/gradle/gradle-2.2.1/lib/plugins/gradle-dependency-management-2.2.1.jar
7feca63e7000-7feca63fe000 r-xp 00000000 08:02 5112880                    /usr/lib/jvm/java-7-openjdk-amd64/jre/lib/amd64/libnet.so
7feca63fe000-7feca65fd000 ---p 00017000 08:02 5112880                    /usr/lib/jvm/java-7-openjdk-amd64/jre/lib/amd64/libnet.so
7feca65fd000-7feca65fe000 r--p 00016000 08:02 5112880                    /usr/lib/jvm/java-7-openjdk-amd64/jre/lib/amd64/libnet.so
7feca65fe000-7feca65ff000 rw-p 00017000 08:02 5112880                    /usr/lib/jvm/java-7-openjdk-amd64/jre/lib/amd64/libnet.so
7feca65ff000-7feca6600000 r--s 00005000 08:02 1704873                    /home/eran/tools/android/android-studio/gradle/gradle-2.2.1/lib/gradle-wrapper-2.2.1.jar
7feca6600000-7feca6609000 r--s 0002c000 08:02 1704878                    /home/eran/tools/android/android-studio/gradle/gradle-2.2.1/lib/gradle-tooling-api-2.2.1.jar
7feca6609000-7feca660b000 r--s 00002000 08:02 1704888                    /home/eran/tools/android/android-studio/gradle/gradle-2.2.1/lib/gradle-open-api-2.2.1.jar
7feca660b000-7feca6611000 r--s 00032000 08:02 1704881                    /home/eran/tools/android/android-studio/gradle/gradle-2.2.1/lib/jaxen-1.1.jar
7feca6611000-7feca6616000 r--s 00048000 08:02 1703977                    /home/eran/tools/android/android-studio/gradle/gradle-2.2.1/lib/dom4j-1.6.1.jar
7feca6616000-7feca6621000 r--s 00059000 08:02 1704891                    /home/eran/tools/android/android-studio/gradle/gradle-2.2.1/lib/gradle-ui-2.2.1.jar
7feca6621000-7feca6623000 r--s 00006000 08:02 1703980                    /home/eran/tools/android/android-studio/gradle/gradle-2.2.1/lib/gradle-resources-2.2.1.jar
7feca6623000-7feca6625000 r--s 00007000 08:02 1704883                    /home/eran/tools/android/android-studio/gradle/gradle-2.2.1/lib/objenesis-1.2.jar
7feca6625000-7feca6627000 r--s 00000000 08:02 1704884                    /home/eran/tools/android/android-studio/gradle/gradle-2.2.1/lib/minlog-1.2.jar
7feca6627000-7feca6629000 r--s 0000f000 08:02 1704889                    /home/eran/tools/android/android-studio/gradle/gradle-2.2.1/lib/reflectasm-1.07-shaded.jar
7feca6629000-7feca662d000 r--s 00026000 08:02 1704995                    /home/eran/tools/android/android-studio/gradle/gradle-2.2.1/lib/kryo-2.20.jar
7feca662d000-7feca6636000 r--s 00039000 08:02 1704880                    /home/eran/tools/android/android-studio/gradle/gradle-2.2.1/lib/gradle-messaging-2.2.1.jar
7feca6636000-7feca6637000 r--s 00003000 08:02 1704893                    /home/eran/tools/android/android-studio/gradle/gradle-2.2.1/lib/native-platform-freebsd-amd64-0.10.jar
7feca6637000-7feca6638000 r--s 00003000 08:02 1704875                    /home/eran/tools/android/android-studio/gradle/gradle-2.2.1/lib/native-platform-freebsd-i386-0.10.jar
7feca6638000-7feca6639000 r--s 00005000 08:02 1704879                    /home/eran/tools/android/android-studio/gradle/gradle-2.2.1/lib/native-platform-windows-i386-0.10.jar
7feca6639000-7feca663a000 r--s 00005000 08:02 1703973                    /home/eran/tools/android/android-studio/gradle/gradle-2.2.1/lib/native-platform-windows-amd64-0.10.jar
7feca663a000-7feca663b000 r--s 00003000 08:02 1703976                    /home/eran/tools/android/android-studio/gradle/gradle-2.2.1/lib/native-platform-linux-i386-0.10.jar
7feca663b000-7feca663c000 r--s 00003000 08:02 1703984                    /home/eran/tools/android/android-studio/gradle/gradle-2.2.1/lib/native-platform-linux-amd64-0.10.jar
7feca663c000-7feca663d000 r--s 00002000 08:02 1704996                    /home/eran/tools/android/android-studio/gradle/gradle-2.2.1/lib/native-platform-osx-amd64-0.10.jar
7feca663d000-7feca663e000 r--s 00002000 08:02 1704871                    /home/eran/tools/android/android-studio/gradle/gradle-2.2.1/lib/native-platform-osx-i386-0.10.jar
7feca663e000-7feca6640000 r--s 00008000 08:02 1704870                    /home/eran/tools/android/android-studio/gradle/gradle-2.2.1/lib/jansi-1.2.1.jar
7feca6640000-7feca6643000 r--s 0000d000 08:02 1704885                    /home/eran/tools/android/android-studio/gradle/gradle-2.2.1/lib/native-platform-0.10.jar
7feca6643000-7feca6647000 r--s 000e4000 08:02 1703975                    /home/eran/tools/android/android-studio/gradle/gradle-2.2.1/lib/jna-3.2.7.jar
7feca6647000-7feca6649000 r--s 00008000 08:02 1704869                    /home/eran/tools/android/android-studio/gradle/gradle-2.2.1/lib/gradle-native-2.2.1.jar
7feca6649000-7feca664b000 r--s 00005000 08:02 1704892                    /home/eran/tools/android/android-studio/gradle/gradle-2.2.1/lib/gradle-cli-2.2.1.jar
7feca664b000-7feca66b6000 r--s 00685000 08:02 1703974                    /home/eran/tools/android/android-studio/gradle/gradle-2.2.1/lib/groovy-all-2.3.6.jar
7feca66b6000-7feca66b7000 ---p 00000000 00:00 0 
7feca66b7000-7feca67b7000 rw-p 00000000 00:00 0                          [stack:23257]
7feca67b7000-7feca67ba000 ---p 00000000 00:00 0 
7feca67ba000-7feca68b8000 rw-p 00000000 00:00 0                          [stack:23256]
7feca68b8000-7feca68bb000 ---p 00000000 00:00 0 
7feca68bb000-7feca69b9000 rw-p 00000000 00:00 0                          [stack:23255]
7feca69b9000-7feca69bc000 ---p 00000000 00:00 0 
7feca69bc000-7feca6aba000 rw-p 00000000 00:00 0                          [stack:23254]
7feca6aba000-7feca6abf000 r-xp 00000000 08:02 4988733                    /usr/lib/x86_64-linux-gnu/libXdmcp.so.6.0.0
7feca6abf000-7feca6cbe000 ---p 00005000 08:02 4988733                    /usr/lib/x86_64-linux-gnu/libXdmcp.so.6.0.0
7feca6cbe000-7feca6cbf000 r--p 00004000 08:02 4988733                    /usr/lib/x86_64-linux-gnu/libXdmcp.so.6.0.0
7feca6cbf000-7feca6cc0000 rw-p 00005000 08:02 4988733                    /usr/lib/x86_64-linux-gnu/libXdmcp.so.6.0.0
7feca6cc0000-7feca6cc2000 r-xp 00000000 08:02 4988722                    /usr/lib/x86_64-linux-gnu/libXau.so.6.0.0
7feca6cc2000-7feca6ec2000 ---p 00002000 08:02 4988722                    /usr/lib/x86_64-linux-gnu/libXau.so.6.0.0
7feca6ec2000-7feca6ec3000 r--p 00002000 08:02 4988722                    /usr/lib/x86_64-linux-gnu/libXau.so.6.0.0
7feca6ec3000-7feca6ec4000 rw-p 00003000 08:02 4988722                    /usr/lib/x86_64-linux-gnu/libXau.so.6.0.0
7feca6ec4000-7feca6ee1000 r-xp 00000000 08:02 4989790                    /usr/lib/x86_64-linux-gnu/libxcb.so.1.1.0
7feca6ee1000-7feca70e1000 ---p 0001d000 08:02 4989790                    /usr/lib/x86_64-linux-gnu/libxcb.so.1.1.0
7feca70e1000-7feca70e2000 r--p 0001d000 08:02 4989790                    /usr/lib/x86_64-linux-gnu/libxcb.so.1.1.0
7feca70e2000-7feca70e3000 rw-p 0001e000 08:02 4989790                    /usr/lib/x86_64-linux-gnu/libxcb.so.1.1.0
7feca70e3000-7feca7213000 r-xp 00000000 08:02 4988718                    /usr/lib/x86_64-linux-gnu/libX11.so.6.3.0
7feca7213000-7feca7413000 ---p 00130000 08:02 4988718                    /usr/lib/x86_64-linux-gnu/libX11.so.6.3.0
7feca7413000-7feca7414000 r--p 00130000 08:02 4988718                    /usr/lib/x86_64-linux-gnu/libX11.so.6.3.0
7feca7414000-7feca7418000 rw-p 00131000 08:02 4988718                    /usr/lib/x86_64-linux-gnu/libX11.so.6.3.0
7feca7418000-7feca7419000 r-xp 00000000 08:02 5247996                    /usr/lib/jayatana/libjayatanaag.so
7feca7419000-7feca7619000 ---p 00001000 08:02 5247996                    /usr/lib/jayatana/libjayatanaag.so
7feca7619000-7feca761a000 r--p 00001000 08:02 5247996                    /usr/lib/jayatana/libjayatanaag.so
7feca761a000-7feca761b000 rw-p 00002000 08:02 5247996                    /usr/lib/jayatana/libjayatanaag.so
7feca761b000-7feca761e000 ---p 00000000 00:00 0 
7feca761e000-7feca771c000 rw-p 00000000 00:00 0                          [stack:23253]
7feca771c000-7feca7dfe000 r--p 00000000 08:02 4987723                    /usr/lib/locale/locale-archive
7feca7dfe000-7feca7e01000 ---p 00000000 00:00 0 
7feca7e01000-7feca7eff000 rw-p 00000000 00:00 0                          [stack:23252]
7feca7eff000-7feca7f02000 ---p 00000000 00:00 0 
7feca7f02000-7feca8000000 rw-p 00000000 00:00 0                          [stack:23251]
7feca8000000-7feca8021000 rw-p 00000000 00:00 0 
7feca8021000-7fecac000000 ---p 00000000 00:00 0 
7fecac000000-7fecac002000 r--s 00003000 08:02 1703982                    /home/eran/tools/android/android-studio/gradle/gradle-2.2.1/lib/gradle-base-services-groovy-2.2.1.jar
7fecac002000-7fecac004000 r--s 0000a000 08:02 1704865                    /home/eran/tools/android/android-studio/gradle/gradle-2.2.1/lib/gradle-model-groovy-2.2.1.jar
7fecac004000-7fecac008000 r--s 0001b000 08:02 1703986                    /home/eran/tools/android/android-studio/gradle/gradle-2.2.1/lib/gradle-model-core-2.2.1.jar
7fecac008000-7fecac009000 r--s 00000000 08:02 1704874                    /home/eran/tools/android/android-studio/gradle/gradle-2.2.1/lib/gradle-docs-2.2.1.jar
7fecac009000-7fecac00b000 r--s 00003000 08:02 1703983                    /home/eran/tools/android/android-studio/gradle/gradle-2.2.1/lib/jcl-over-slf4j-1.7.7.jar
7fecac00b000-7fecac00c000 r--s 00005000 08:02 1704886                    /home/eran/tools/android/android-studio/gradle/gradle-2.2.1/lib/log4j-over-slf4j-1.7.7.jar
7fecac00c000-7fecac00d000 r--s 00000000 08:02 1704877                    /home/eran/tools/android/android-studio/gradle/gradle-2.2.1/lib/javax.inject-1.jar
7fecac00d000-7fecac010000 r--s 0001b000 08:02 1703985                    /home/eran/tools/android/android-studio/gradle/gradle-2.2.1/lib/jarjar-1.3.jar
7fecac010000-7fecac012000 r--s 00000000 08:02 1704882                    /home/eran/tools/android/android-studio/gradle/gradle-2.2.1/lib/jul-to-slf4j-1.7.7.jar
7fecac012000-7fecac013000 r--s 00000000 08:02 1704868                    /home/eran/tools/android/android-studio/gradle/gradle-2.2.1/lib/jcip-annotations-1.0.jar
7fecac013000-7fecac019000 r--s 0003b000 08:02 1703979                    /home/eran/tools/android/android-studio/gradle/gradle-2.2.1/lib/logback-classic-1.0.13.jar
7fecac019000-7fecac023000 r--s 0005d000 08:02 1704864                    /home/eran/tools/android/android-studio/gradle/gradle-2.2.1/lib/logback-core-1.0.13.jar
7fecac023000-7fecac028000 r--s 00041000 08:02 1703978                    /home/eran/tools/android/android-studio/gradle/gradle-2.2.1/lib/commons-lang-2.6.jar
7fecac028000-7fecac02b000 r--s 00018000 08:02 1704894                    /home/eran/tools/android/android-studio/gradle/gradle-2.2.1/lib/commons-io-1.4.jar
7fecac02b000-7fecac039000 r--s 0007f000 08:02 1704887                    /home/eran/tools/android/android-studio/gradle/gradle-2.2.1/lib/commons-collections-3.2.1.jar
7fecac039000-7fecac03e000 r--s 00036000 08:02 1704876                    /home/eran/tools/android/android-studio/gradle/gradle-2.2.1/lib/asm-all-5.0.3.jar
7fecac03e000-7fecac066000 r--s 001cf000 08:02 1704867                    /home/eran/tools/android/android-studio/gradle/gradle-2.2.1/lib/guava-jdk5-17.0.jar
7fecac066000-7fecac085000 r--s 001cc000 08:02 1703981                    /home/eran/tools/android/android-studio/gradle/gradle-2.2.1/lib/ant-1.9.3.jar
7fecac085000-7fecac086000 ---p 00000000 00:00 0 
7fecac086000-7fecad0de000 rw-p 00000000 00:00 0                          [stack:23250]
7fecad0de000-7fecad28f000 r--s 01d27000 08:02 5112887                    /usr/lib/jvm/java-7-openjdk-amd64/jre/lib/rt.jar
7fecad28f000-7fecafde0000 rw-p 00000000 00:00 0 
7fecafde0000-7fecafde1000 ---p 00000000 00:00 0 
7fecafde1000-7fecafee1000 rw-p 00000000 00:00 0                          [stack:23249]
7fecafee1000-7fecafee2000 ---p 00000000 00:00 0 
7fecafee2000-7fecaffe2000 rw-p 00000000 00:00 0                          [stack:23248]
7fecaffe2000-7fecaffe3000 ---p 00000000 00:00 0 
7fecaffe3000-7fecb00e3000 rw-p 00000000 00:00 0                          [stack:23247]
7fecb00e3000-7fecb00e4000 ---p 00000000 00:00 0 
7fecb00e4000-7fecb020d000 rw-p 00000000 00:00 0                          [stack:23246]
7fecb020d000-7fecb033a000 rw-p 00000000 00:00 0 
7fecb033a000-7fecb0346000 rw-p 00000000 00:00 0 
7fecb0346000-7fecb03ba000 rw-p 00000000 00:00 0 
7fecb03ba000-7fecb03e3000 rw-p 00000000 00:00 0 
7fecb03e3000-7fecb050f000 rw-p 00000000 00:00 0 
7fecb050f000-7fecb0597000 rw-p 00000000 00:00 0 
7fecb0597000-7fecb05ba000 rw-p 00000000 00:00 0 
7fecb05ba000-7fecb05bb000 rw-p 00000000 00:00 0 
7fecb05bb000-7fecb082b000 rwxp 00000000 00:00 0 
7fecb082b000-7fecb35bb000 rw-p 00000000 00:00 0 
7fecb35bb000-7fecb35c3000 r-xp 00000000 08:02 5112862                    /usr/lib/jvm/java-7-openjdk-amd64/jre/lib/amd64/libzip.so
7fecb35c3000-7fecb37c2000 ---p 00008000 08:02 5112862                    /usr/lib/jvm/java-7-openjdk-amd64/jre/lib/amd64/libzip.so
7fecb37c2000-7fecb37c3000 r--p 00007000 08:02 5112862                    /usr/lib/jvm/java-7-openjdk-amd64/jre/lib/amd64/libzip.so
7fecb37c3000-7fecb37c4000 rw-p 00008000 08:02 5112862                    /usr/lib/jvm/java-7-openjdk-amd64/jre/lib/amd64/libzip.so
7fecb37c4000-7fecb37cf000 r-xp 00000000 08:02 131091                     /lib/x86_64-linux-gnu/libnss_files-2.19.so
7fecb37cf000-7fecb39ce000 ---p 0000b000 08:02 131091                     /lib/x86_64-linux-gnu/libnss_files-2.19.so
7fecb39ce000-7fecb39cf000 r--p 0000a000 08:02 131091                     /lib/x86_64-linux-gnu/libnss_files-2.19.so
7fecb39cf000-7fecb39d0000 rw-p 0000b000 08:02 131091                     /lib/x86_64-linux-gnu/libnss_files-2.19.so
7fecb39d0000-7fecb39db000 r-xp 00000000 08:02 135028                     /lib/x86_64-linux-gnu/libnss_nis-2.19.so
7fecb39db000-7fecb3bda000 ---p 0000b000 08:02 135028                     /lib/x86_64-linux-gnu/libnss_nis-2.19.so
7fecb3bda000-7fecb3bdb000 r--p 0000a000 08:02 135028                     /lib/x86_64-linux-gnu/libnss_nis-2.19.so
7fecb3bdb000-7fecb3bdc000 rw-p 0000b000 08:02 135028                     /lib/x86_64-linux-gnu/libnss_nis-2.19.so
7fecb3bdc000-7fecb3bf3000 r-xp 00000000 08:02 131166                     /lib/x86_64-linux-gnu/libnsl-2.19.so
7fecb3bf3000-7fecb3df2000 ---p 00017000 08:02 131166                     /lib/x86_64-linux-gnu/libnsl-2.19.so
7fecb3df2000-7fecb3df3000 r--p 00016000 08:02 131166                     /lib/x86_64-linux-gnu/libnsl-2.19.so
7fecb3df3000-7fecb3df4000 rw-p 00017000 08:02 131166                     /lib/x86_64-linux-gnu/libnsl-2.19.so
7fecb3df4000-7fecb3df6000 rw-p 00000000 00:00 0 
7fecb3df6000-7fecb3dff000 r-xp 00000000 08:02 131165                     /lib/x86_64-linux-gnu/libnss_compat-2.19.so
7fecb3dff000-7fecb3ffe000 ---p 00009000 08:02 131165                     /lib/x86_64-linux-gnu/libnss_compat-2.19.so
7fecb3ffe000-7fecb3fff000 r--p 00008000 08:02 131165                     /lib/x86_64-linux-gnu/libnss_compat-2.19.so
7fecb3fff000-7fecb4000000 rw-p 00009000 08:02 131165                     /lib/x86_64-linux-gnu/libnss_compat-2.19.so
7fecb4000000-7fecb4b4d000 rw-p 00000000 00:00 0 
7fecb4b4d000-7fecb8000000 ---p 00000000 00:00 0 
7fecb8000000-7fecb8002000 r--s 00006000 08:02 1704862                    /home/eran/tools/android/android-studio/gradle/gradle-2.2.1/lib/slf4j-api-1.7.7.jar
7fecb8002000-7fecb8003000 r--s 00004000 08:02 1704866                    /home/eran/tools/android/android-studio/gradle/gradle-2.2.1/lib/ant-launcher-1.9.3.jar
7fecb8003000-7fecb8005000 r--s 00006000 08:02 5379201                    /usr/share/java/jayatana.jar
7fecb8005000-7fecb800b000 r--s 00026000 08:02 1704872                    /home/eran/tools/android/android-studio/gradle/gradle-2.2.1/lib/gradle-base-services-2.2.1.jar
7fecb800b000-7fecb803c000 r--s 00191000 08:02 1703987                    /home/eran/tools/android/android-studio/gradle/gradle-2.2.1/lib/gradle-core-2.2.1.jar
7fecb803c000-7fecb8044000 r--s 0003c000 08:02 1704890                    /home/eran/tools/android/android-studio/gradle/gradle-2.2.1/lib/gradle-launcher-2.2.1.jar
7fecb8044000-7fecb8050000 rw-p 00000000 00:00 0 
7fecb8050000-7fecb80c4000 rw-p 00000000 00:00 0 
7fecb80c4000-7fecb80ce000 r-xp 00000000 08:02 5112863                    /usr/lib/jvm/java-7-openjdk-amd64/jre/lib/amd64/libinstrument.so
7fecb80ce000-7fecb82cd000 ---p 0000a000 08:02 5112863                    /usr/lib/jvm/java-7-openjdk-amd64/jre/lib/amd64/libinstrument.so
7fecb82cd000-7fecb82ce000 r--p 00009000 08:02 5112863                    /usr/lib/jvm/java-7-openjdk-amd64/jre/lib/amd64/libinstrument.so
7fecb82ce000-7fecb82cf000 rw-p 0000a000 08:02 5112863                    /usr/lib/jvm/java-7-openjdk-amd64/jre/lib/amd64/libinstrument.so
7fecb82cf000-7fecb82fa000 r-xp 00000000 08:02 5112879                    /usr/lib/jvm/java-7-openjdk-amd64/jre/lib/amd64/libjava.so
7fecb82fa000-7fecb84fa000 ---p 0002b000 08:02 5112879                    /usr/lib/jvm/java-7-openjdk-amd64/jre/lib/amd64/libjava.so
7fecb84fa000-7fecb84fb000 r--p 0002b000 08:02 5112879                    /usr/lib/jvm/java-7-openjdk-amd64/jre/lib/amd64/libjava.so
7fecb84fb000-7fecb84fd000 rw-p 0002c000 08:02 5112879                    /usr/lib/jvm/java-7-openjdk-amd64/jre/lib/amd64/libjava.so
7fecb84fd000-7fecb850d000 r-xp 00000000 08:02 5112876                    /usr/lib/jvm/java-7-openjdk-amd64/jre/lib/amd64/libverify.so
7fecb850d000-7fecb870c000 ---p 00010000 08:02 5112876                    /usr/lib/jvm/java-7-openjdk-amd64/jre/lib/amd64/libverify.so
7fecb870c000-7fecb870e000 r--p 0000f000 08:02 5112876                    /usr/lib/jvm/java-7-openjdk-amd64/jre/lib/amd64/libverify.so
7fecb870e000-7fecb870f000 rw-p 00011000 08:02 5112876                    /usr/lib/jvm/java-7-openjdk-amd64/jre/lib/amd64/libverify.so
7fecb870f000-7fecb8716000 r-xp 00000000 08:02 131174                     /lib/x86_64-linux-gnu/librt-2.19.so
7fecb8716000-7fecb8915000 ---p 00007000 08:02 131174                     /lib/x86_64-linux-gnu/librt-2.19.so
7fecb8915000-7fecb8916000 r--p 00006000 08:02 131174                     /lib/x86_64-linux-gnu/librt-2.19.so
7fecb8916000-7fecb8917000 rw-p 00007000 08:02 131174                     /lib/x86_64-linux-gnu/librt-2.19.so
7fecb8917000-7fecb892d000 r-xp 00000000 08:02 135136                     /lib/x86_64-linux-gnu/libgcc_s.so.1
7fecb892d000-7fecb8b2c000 ---p 00016000 08:02 135136                     /lib/x86_64-linux-gnu/libgcc_s.so.1
7fecb8b2c000-7fecb8b2d000 rw-p 00015000 08:02 135136                     /lib/x86_64-linux-gnu/libgcc_s.so.1
7fecb8b2d000-7fecb8c32000 r-xp 00000000 08:02 131087                     /lib/x86_64-linux-gnu/libm-2.19.so
7fecb8c32000-7fecb8e31000 ---p 00105000 08:02 131087                     /lib/x86_64-linux-gnu/libm-2.19.so
7fecb8e31000-7fecb8e32000 r--p 00104000 08:02 131087                     /lib/x86_64-linux-gnu/libm-2.19.so
7fecb8e32000-7fecb8e33000 rw-p 00105000 08:02 131087                     /lib/x86_64-linux-gnu/libm-2.19.so
7fecb8e33000-7fecb8f19000 r-xp 00000000 08:02 4984995                    /usr/lib/x86_64-linux-gnu/libstdc++.so.6.0.19
7fecb8f19000-7fecb9118000 ---p 000e6000 08:02 4984995                    /usr/lib/x86_64-linux-gnu/libstdc++.so.6.0.19
7fecb9118000-7fecb9120000 r--p 000e5000 08:02 4984995                    /usr/lib/x86_64-linux-gnu/libstdc++.so.6.0.19
7fecb9120000-7fecb9122000 rw-p 000ed000 08:02 4984995                    /usr/lib/x86_64-linux-gnu/libstdc++.so.6.0.19
7fecb9122000-7fecb9137000 rw-p 00000000 00:00 0 
7fecb9137000-7fecb9c4f000 r-xp 00000000 08:02 5112885                    /usr/lib/jvm/java-7-openjdk-amd64/jre/lib/amd64/server/libjvm.so
7fecb9c4f000-7fecb9e4f000 ---p 00b18000 08:02 5112885                    /usr/lib/jvm/java-7-openjdk-amd64/jre/lib/amd64/server/libjvm.so
7fecb9e4f000-7fecb9ee9000 r--p 00b18000 08:02 5112885                    /usr/lib/jvm/java-7-openjdk-amd64/jre/lib/amd64/server/libjvm.so
7fecb9ee9000-7fecb9f0c000 rw-p 00bb2000 08:02 5112885                    /usr/lib/jvm/java-7-openjdk-amd64/jre/lib/amd64/server/libjvm.so
7fecb9f0c000-7fecb9f3a000 rw-p 00000000 00:00 0 
7fecb9f3a000-7fecb9f52000 r-xp 00000000 08:02 135272                     /lib/x86_64-linux-gnu/libz.so.1.2.8
7fecb9f52000-7fecba151000 ---p 00018000 08:02 135272                     /lib/x86_64-linux-gnu/libz.so.1.2.8
7fecba151000-7fecba152000 r--p 00017000 08:02 135272                     /lib/x86_64-linux-gnu/libz.so.1.2.8
7fecba152000-7fecba153000 rw-p 00018000 08:02 135272                     /lib/x86_64-linux-gnu/libz.so.1.2.8
7fecba153000-7fecba16c000 r-xp 00000000 08:02 131172                     /lib/x86_64-linux-gnu/libpthread-2.19.so
7fecba16c000-7fecba36b000 ---p 00019000 08:02 131172                     /lib/x86_64-linux-gnu/libpthread-2.19.so
7fecba36b000-7fecba36c000 r--p 00018000 08:02 131172                     /lib/x86_64-linux-gnu/libpthread-2.19.so
7fecba36c000-7fecba36d000 rw-p 00019000 08:02 131172                     /lib/x86_64-linux-gnu/libpthread-2.19.so
7fecba36d000-7fecba371000 rw-p 00000000 00:00 0 
7fecba371000-7fecba374000 r-xp 00000000 08:02 131102                     /lib/x86_64-linux-gnu/libdl-2.19.so
7fecba374000-7fecba573000 ---p 00003000 08:02 131102                     /lib/x86_64-linux-gnu/libdl-2.19.so
7fecba573000-7fecba574000 r--p 00002000 08:02 131102                     /lib/x86_64-linux-gnu/libdl-2.19.so
7fecba574000-7fecba575000 rw-p 00003000 08:02 131102                     /lib/x86_64-linux-gnu/libdl-2.19.so
7fecba575000-7fecba730000 r-xp 00000000 08:02 131171                     /lib/x86_64-linux-gnu/libc-2.19.so
7fecba730000-7fecba92f000 ---p 001bb000 08:02 131171                     /lib/x86_64-linux-gnu/libc-2.19.so
7fecba92f000-7fecba933000 r--p 001ba000 08:02 131171                     /lib/x86_64-linux-gnu/libc-2.19.so
7fecba933000-7fecba935000 rw-p 001be000 08:02 131171                     /lib/x86_64-linux-gnu/libc-2.19.so
7fecba935000-7fecba93a000 rw-p 00000000 00:00 0 
7fecba93a000-7fecba947000 r-xp 00000000 08:02 5112854                    /usr/lib/jvm/java-7-openjdk-amd64/jre/lib/amd64/jli/libjli.so
7fecba947000-7fecbab46000 ---p 0000d000 08:02 5112854                    /usr/lib/jvm/java-7-openjdk-amd64/jre/lib/amd64/jli/libjli.so
7fecbab46000-7fecbab47000 r--p 0000c000 08:02 5112854                    /usr/lib/jvm/java-7-openjdk-amd64/jre/lib/amd64/jli/libjli.so
7fecbab47000-7fecbab48000 rw-p 0000d000 08:02 5112854                    /usr/lib/jvm/java-7-openjdk-amd64/jre/lib/amd64/jli/libjli.so
7fecbab48000-7fecbab6b000 r-xp 00000000 08:02 131168                     /lib/x86_64-linux-gnu/ld-2.19.so
7fecbab6b000-7fecbab6c000 r--s 00000000 08:02 5379200                    /usr/share/java/jayatanaag.jar
7fecbab6c000-7fecbab6f000 r--s 00086000 08:02 5246557                    /usr/lib/jvm/java-7-openjdk-amd64/jre/lib/ext/localedata.jar
7fecbab6f000-7fecbab92000 rw-p 00000000 00:00 0 
7fecbab92000-7fecbac48000 rw-p 00000000 00:00 0 
7fecbac48000-7fecbac4b000 ---p 00000000 00:00 0 
7fecbac4b000-7fecbad4e000 rw-p 00000000 00:00 0                          [stack:23245]
7fecbad4e000-7fecbad4f000 r--s 00002000 08:02 5246555                    /usr/lib/jvm/java-7-openjdk-amd64/jre/lib/ext/dnsns.jar
7fecbad4f000-7fecbad53000 r--s 0003c000 08:02 5246556                    /usr/lib/jvm/java-7-openjdk-amd64/jre/lib/ext/sunpkcs11.jar
7fecbad53000-7fecbad55000 r--s 00012000 08:02 5246559                    /usr/lib/jvm/java-7-openjdk-amd64/jre/lib/ext/zipfs.jar
7fecbad55000-7fecbad57000 r--s 00006000 08:02 5379182                    /usr/share/java/java-atk-wrapper.jar
7fecbad57000-7fecbad5b000 r--s 00034000 08:02 5246558                    /usr/lib/jvm/java-7-openjdk-amd64/jre/lib/ext/sunjce_provider.jar
7fecbad5b000-7fecbad5e000 r--s 0000f000 08:02 5246554                    /usr/lib/jvm/java-7-openjdk-amd64/jre/lib/ext/icedtea-sound.jar
7fecbad5e000-7fecbad66000 rw-s 00000000 08:02 1575419                    /tmp/hsperfdata_eran/23243
7fecbad66000-7fecbad67000 rw-p 00000000 00:00 0 
7fecbad67000-7fecbad68000 r--p 00000000 00:00 0 
7fecbad68000-7fecbad6a000 rw-p 00000000 00:00 0 
7fecbad6a000-7fecbad6b000 r--p 00022000 08:02 131168                     /lib/x86_64-linux-gnu/ld-2.19.so
7fecbad6b000-7fecbad6c000 rw-p 00023000 08:02 131168                     /lib/x86_64-linux-gnu/ld-2.19.so
7fecbad6c000-7fecbad6d000 rw-p 00000000 00:00 0 
7ffea9728000-7ffea9749000 rw-p 00000000 00:00 0                          [stack]
7ffea974f000-7ffea9751000 r-xp 00000000 00:00 0                          [vdso]
7ffea9751000-7ffea9753000 r--p 00000000 00:00 0                          [vvar]
ffffffffff600000-ffffffffff601000 r-xp 00000000 00:00 0                  [vsyscall]

VM Arguments:
jvm_args: -javaagent:/usr/share/java/jayatanaag.jar -XX:MaxPermSize=256m -XX:+HeapDumpOnOutOfMemoryError -Xmx1024m -Dfile.encoding=UTF-8 -Duser.country=US -Duser.language=en -Duser.variant 
java_command: org.gradle.launcher.daemon.bootstrap.GradleDaemon 2.2.1 /home/eran/.gradle/daemon 10800000 8357f7e6-9405-496e-9180-9c5f5649633e -XX:MaxPermSize=256m -XX:+HeapDumpOnOutOfMemoryError -Xmx1024m -Dfile.encoding=UTF-8 -Duser.country=US -Duser.language=en -Duser.variant
Launcher Type: SUN_STANDARD

Environment Variables:
JAVA_HOME=/usr/lib/jvm/java-8-oracle
JAVA_TOOL_OPTIONS=-javaagent:/usr/share/java/jayatanaag.jar 
PATH=/usr/local/sbin:/usr/local/bin:/usr/sbin:/usr/bin:/sbin:/bin:/usr/games:/usr/local/games:/usr/lib/jvm/java-8-oracle/bin:/usr/lib/jvm/java-8-oracle/db/bin:/usr/lib/jvm/java-8-oracle/jre/bin
LD_LIBRARY_PATH=/home/eran/tools/android/android-studio/bin:
SHELL=/bin/bash
DISPLAY=:0

Signal Handlers:
SIGSEGV: [libjvm.so+0x94b9a0], sa_mask[0]=0x7ffbfeff, sa_flags=0x10000004
SIGBUS: [libjvm.so+0x94b9a0], sa_mask[0]=0x7ffbfeff, sa_flags=0x10000004
SIGFPE: [libjvm.so+0x7c3880], sa_mask[0]=0x7ffbfeff, sa_flags=0x10000004
SIGPIPE: [libjvm.so+0x7c3880], sa_mask[0]=0x7ffbfeff, sa_flags=0x10000004
SIGXFSZ: [libjvm.so+0x7c3880], sa_mask[0]=0x7ffbfeff, sa_flags=0x10000004
SIGILL: [libjvm.so+0x7c3880], sa_mask[0]=0x7ffbfeff, sa_flags=0x10000004
SIGUSR1: SIG_DFL, sa_mask[0]=0x00000000, sa_flags=0x00000000
SIGUSR2: [libjvm.so+0x7c3720], sa_mask[0]=0x00000004, sa_flags=0x10000004
SIGHUP: [libjvm.so+0x7c3900], sa_mask[0]=0x7ffbfeff, sa_flags=0x10000004
SIGINT: [libjvm.so+0x7c3900], sa_mask[0]=0x7ffbfeff, sa_flags=0x10000004
SIGTERM: [libjvm.so+0x7c3900], sa_mask[0]=0x7ffbfeff, sa_flags=0x10000004
SIGQUIT: [libjvm.so+0x7c3900], sa_mask[0]=0x7ffbfeff, sa_flags=0x10000004
SIGTRAP: SIG_DFL, sa_mask[0]=0x00000000, sa_flags=0x00000000


---------------  S Y S T E M  ---------------

OS:Ubuntu 14.04 (trusty)
uname:Linux 3.16.0-41-generic #55~14.04.1-Ubuntu SMP Sun Jun 14 18:43:36 UTC 2015 x86_64
libc:glibc 2.19 NPTL 2.19 
rlimit: STACK 8192k, CORE 0k, NPROC 31237, NOFILE 4096, AS infinity
load average:3.36 1.84 1.46

/proc/meminfo:
MemTotal:        8071824 kB
MemFree:         2805112 kB
MemAvailable:    4188252 kB
Buffers:          264680 kB
Cached:          1562644 kB
SwapCached:         4884 kB
Active:          3831076 kB
Inactive:        1014004 kB
Active(anon):    3075404 kB
Inactive(anon):   377764 kB
Active(file):     755672 kB
Inactive(file):   636240 kB
Unevictable:         232 kB
Mlocked:             232 kB
SwapTotal:       4088828 kB
SwapFree:        4002688 kB
Dirty:             33376 kB
Writeback:             0 kB
AnonPages:       3016120 kB
Mapped:           453248 kB
Shmem:            435412 kB
Slab:             286716 kB
SReclaimable:     244644 kB
SUnreclaim:        42072 kB
KernelStack:       11824 kB
PageTables:        44240 kB
NFS_Unstable:          0 kB
Bounce:                0 kB
WritebackTmp:          0 kB
CommitLimit:     8124740 kB
Committed_AS:    8462096 kB
VmallocTotal:   34359738367 kB
VmallocUsed:      359936 kB
VmallocChunk:   34359329884 kB
HardwareCorrupted:     0 kB
AnonHugePages:   1654784 kB
HugePages_Total:       0
HugePages_Free:        0
HugePages_Rsvd:        0
HugePages_Surp:        0
Hugepagesize:       2048 kB
DirectMap4k:      125176 kB
DirectMap2M:     8159232 kB


CPU:total 4 (2 cores per cpu, 2 threads per core) family 6 model 58 stepping 9, cmov, cx8, fxsr, mmx, sse, sse2, sse3, ssse3, sse4.1, sse4.2, popcnt, avx, erms, ht, tsc, tscinvbit, tscinv

/proc/cpuinfo:
processor	: 0
vendor_id	: GenuineIntel
cpu family	: 6
model		: 58
model name	: Intel(R) Core(TM) i3-3120M CPU @ 2.50GHz
stepping	: 9
microcode	: 0x15
cpu MHz		: 2500.000
cache size	: 3072 KB
physical id	: 0
siblings	: 4
core id		: 0
cpu cores	: 2
apicid		: 0
initial apicid	: 0
fpu		: yes
fpu_exception	: yes
cpuid level	: 13
wp		: yes
flags		: fpu vme de pse tsc msr pae mce cx8 apic sep mtrr pge mca cmov pat pse36 clflush dts acpi mmx fxsr sse sse2 ss ht tm pbe syscall nx rdtscp lm constant_tsc arch_perfmon pebs bts rep_good nopl xtopology nonstop_tsc aperfmperf eagerfpu pni pclmulqdq dtes64 monitor ds_cpl vmx est tm2 ssse3 cx16 xtpr pdcm pcid sse4_1 sse4_2 x2apic popcnt tsc_deadline_timer xsave avx f16c lahf_lm arat epb xsaveopt pln pts dtherm tpr_shadow vnmi flexpriority ept vpid fsgsbase smep erms
bogomips	: 4988.88
clflush size	: 64
cache_alignment	: 64
address sizes	: 36 bits physical, 48 bits virtual
power management:

processor	: 1
vendor_id	: GenuineIntel
cpu family	: 6
model		: 58
model name	: Intel(R) Core(TM) i3-3120M CPU @ 2.50GHz
stepping	: 9
microcode	: 0x15
cpu MHz		: 2500.000
cache size	: 3072 KB
physical id	: 0
siblings	: 4
core id		: 0
cpu cores	: 2
apicid		: 1
initial apicid	: 1
fpu		: yes
fpu_exception	: yes
cpuid level	: 13
wp		: yes
flags		: fpu vme de pse tsc msr pae mce cx8 apic sep mtrr pge mca cmov pat pse36 clflush dts acpi mmx fxsr sse sse2 ss ht tm pbe syscall nx rdtscp lm constant_tsc arch_perfmon pebs bts rep_good nopl xtopology nonstop_tsc aperfmperf eagerfpu pni pclmulqdq dtes64 monitor ds_cpl vmx est tm2 ssse3 cx16 xtpr pdcm pcid sse4_1 sse4_2 x2apic popcnt tsc_deadline_timer xsave avx f16c lahf_lm arat epb xsaveopt pln pts dtherm tpr_shadow vnmi flexpriority ept vpid fsgsbase smep erms
bogomips	: 4988.88
clflush size	: 64
cache_alignment	: 64
address sizes	: 36 bits physical, 48 bits virtual
power management:

processor	: 2
vendor_id	: GenuineIntel
cpu family	: 6
model		: 58
model name	: Intel(R) Core(TM) i3-3120M CPU @ 2.50GHz
stepping	: 9
microcode	: 0x15
cpu MHz		: 2500.000
cache size	: 3072 KB
physical id	: 0
siblings	: 4
core id		: 1
cpu cores	: 2
apicid		: 2
initial apicid	: 2
fpu		: yes
fpu_exception	: yes
cpuid level	: 13
wp		: yes
flags		: fpu vme de pse tsc msr pae mce cx8 apic sep mtrr pge mca cmov pat pse36 clflush dts acpi mmx fxsr sse sse2 ss ht tm pbe syscall nx rdtscp lm constant_tsc arch_perfmon pebs bts rep_good nopl xtopology nonstop_tsc aperfmperf eagerfpu pni pclmulqdq dtes64 monitor ds_cpl vmx est tm2 ssse3 cx16 xtpr pdcm pcid sse4_1 sse4_2 x2apic popcnt tsc_deadline_timer xsave avx f16c lahf_lm arat epb xsaveopt pln pts dtherm tpr_shadow vnmi flexpriority ept vpid fsgsbase smep erms
bogomips	: 4988.88
clflush size	: 64
cache_alignment	: 64
address sizes	: 36 bits physical, 48 bits virtual
power management:

processor	: 3
vendor_id	: GenuineIntel
cpu family	: 6
model		: 58
model name	: Intel(R) Core(TM) i3-3120M CPU @ 2.50GHz
stepping	: 9
microcode	: 0x15
cpu MHz		: 2500.000
cache size	: 3072 KB
physical id	: 0
siblings	: 4
core id		: 1
cpu cores	: 2
apicid		: 3
initial apicid	: 3
fpu		: yes
fpu_exception	: yes
cpuid level	: 13
wp		: yes
flags		: fpu vme de pse tsc msr pae mce cx8 apic sep mtrr pge mca cmov pat pse36 clflush dts acpi mmx fxsr sse sse2 ss ht tm pbe syscall nx rdtscp lm constant_tsc arch_perfmon pebs bts rep_good nopl xtopology nonstop_tsc aperfmperf eagerfpu pni pclmulqdq dtes64 monitor ds_cpl vmx est tm2 ssse3 cx16 xtpr pdcm pcid sse4_1 sse4_2 x2apic popcnt tsc_deadline_timer xsave avx f16c lahf_lm arat epb xsaveopt pln pts dtherm tpr_shadow vnmi flexpriority ept vpid fsgsbase smep erms
bogomips	: 4988.88
clflush size	: 64
cache_alignment	: 64
address sizes	: 36 bits physical, 48 bits virtual
power management:



Memory: 4k page, physical 8071824k(2805112k free), swap 4088828k(4002688k free)

vm_info: OpenJDK 64-Bit Server VM (24.79-b02) for linux-amd64 JRE (1.7.0_79-b14), built on Apr 16 2015 08:21:58 by "buildd" with gcc 4.8.2

time: Sat Jun 20 06:44:33 2015
elapsed time: 4 seconds

